2019-10-29 20:41:11.450 INFO [restartedMain]com.wl.foodspringboot.FoodSpringBootApplication.logStarting:50 -Starting FoodSpringBootApplication on DESKTOP-814O8JJ with PID 6432 (E:\Learn\IdeaProjects\FoodSpringBoot\target\classes started by WL in E:\Learn\IdeaProjects\FoodSpringBoot)
2019-10-29 20:41:11.465 INFO [restartedMain]com.wl.foodspringboot.FoodSpringBootApplication.logStartupProfileInfo:647 -No active profile set, falling back to default profiles: default
2019-10-29 20:41:11.582 INFO [restartedMain]o.s.b.devtools.env.DevToolsPropertyDefaultsPostProcessor.logTo:225 -Devtools property defaults active! Set 'spring.devtools.add-properties' to 'false' to disable
2019-10-29 20:41:11.582 INFO [restartedMain]o.s.b.devtools.env.DevToolsPropertyDefaultsPostProcessor.logTo:225 -For additional web related logging consider setting the 'logging.level.web' property to 'DEBUG'
2019-10-29 20:41:12.860 INFO [restartedMain]o.s.d.repository.config.RepositoryConfigurationDelegate.multipleStoresDetected:244 -Multiple Spring Data modules found, entering strict repository configuration mode!
2019-10-29 20:41:12.862 INFO [restartedMain]o.s.d.repository.config.RepositoryConfigurationDelegate.registerRepositoriesIn:126 -Bootstrapping Spring Data repositories in DEFAULT mode.
2019-10-29 20:41:12.912 INFO [restartedMain]o.s.d.repository.config.RepositoryConfigurationDelegate.registerRepositoriesIn:182 -Finished Spring Data repository scanning in 10ms. Found 0 repository interfaces.
2019-10-29 20:41:13.195 INFO [restartedMain]o.s.c.s.PostProcessorRegistrationDelegate$BeanPostProcessorChecker.postProcessAfterInitialization:330 -Bean 'org.springframework.transaction.annotation.ProxyTransactionManagementConfiguration' of type [org.springframework.transaction.annotation.ProxyTransactionManagementConfiguration$$EnhancerBySpringCGLIB$$a45a66ec] is not eligible for getting processed by all BeanPostProcessors (for example: not eligible for auto-proxying)
2019-10-29 20:41:13.915 INFO [restartedMain]o.s.boot.web.embedded.tomcat.TomcatWebServer.initialize:90 -Tomcat initialized with port(s): 8080 (http)
2019-10-29 20:41:13.949 INFO [restartedMain]org.apache.coyote.http11.Http11NioProtocol.log:173 -Initializing ProtocolHandler ["http-nio-8080"]
2019-10-29 20:41:13.968 INFO [restartedMain]org.apache.catalina.core.StandardService.log:173 -Starting service [Tomcat]
2019-10-29 20:41:13.968 INFO [restartedMain]org.apache.catalina.core.StandardEngine.log:173 -Starting Servlet engine: [Apache Tomcat/9.0.22]
2019-10-29 20:41:13.974 INFO [restartedMain]org.apache.catalina.core.AprLifecycleListener.log:173 -An older version [1.2.21] of the APR based Apache Tomcat Native library is installed, while Tomcat recommends a minimum version of [1.2.23]
2019-10-29 20:41:13.974 INFO [restartedMain]org.apache.catalina.core.AprLifecycleListener.log:173 -Loaded APR based Apache Tomcat Native library [1.2.21] using APR version [1.6.5].
2019-10-29 20:41:13.974 INFO [restartedMain]org.apache.catalina.core.AprLifecycleListener.log:173 -APR capabilities: IPv6 [true], sendfile [true], accept filters [false], random [true].
2019-10-29 20:41:13.975 INFO [restartedMain]org.apache.catalina.core.AprLifecycleListener.log:173 -APR/OpenSSL configuration: useAprConnector [false], useOpenSSL [true]
2019-10-29 20:41:14.038 INFO [restartedMain]org.apache.catalina.core.AprLifecycleListener.log:173 -OpenSSL successfully initialized [OpenSSL 1.1.1a  20 Nov 2018]
2019-10-29 20:41:14.111 INFO [restartedMain]o.a.c.c.C.[Tomcat].[localhost].[/foodspringboot].log:173 -Initializing Spring embedded WebApplicationContext
2019-10-29 20:41:14.112 INFO [restartedMain]org.springframework.web.context.ContextLoader.prepareWebApplicationContext:284 -Root WebApplicationContext: initialization completed in 2530 ms
2019-10-29 20:41:15.376 INFO [restartedMain]o.s.scheduling.concurrent.ThreadPoolTaskExecutor.initialize:171 -Initializing ExecutorService 'applicationTaskExecutor'
2019-10-29 20:41:15.439 INFO [restartedMain]o.s.b.a.web.servlet.WelcomePageHandlerMapping.<init>:54 -Adding welcome page: class path resource [public/index.html]
2019-10-29 20:41:15.471 WARN [restartedMain]org.thymeleaf.templatemode.TemplateMode.parse:150 -[THYMELEAF][restartedMain] Template Mode 'HTML5' is deprecated. Using Template Mode 'HTML' instead.
2019-10-29 20:41:15.780 INFO [restartedMain]o.s.boot.devtools.autoconfigure.OptionalLiveReloadServer.startServer:57 -LiveReload server is running on port 35729
2019-10-29 20:41:15.817 INFO [restartedMain]org.apache.coyote.http11.Http11NioProtocol.log:173 -Starting ProtocolHandler ["http-nio-8080"]
2019-10-29 20:41:15.835 INFO [restartedMain]o.s.boot.web.embedded.tomcat.TomcatWebServer.start:202 -Tomcat started on port(s): 8080 (http) with context path '/foodspringboot'
2019-10-29 20:41:15.837 INFO [restartedMain]com.wl.foodspringboot.FoodSpringBootApplication.logStarted:59 -Started FoodSpringBootApplication in 5.297 seconds (JVM running for 7.823)
2019-10-29 20:41:45.835 INFO [http-nio-8080-exec-1]o.a.c.c.C.[Tomcat].[localhost].[/foodspringboot].log:173 -Initializing Spring DispatcherServlet 'dispatcherServlet'
2019-10-29 20:41:45.835 INFO [http-nio-8080-exec-1]org.springframework.web.servlet.DispatcherServlet.initServletBean:524 -Initializing Servlet 'dispatcherServlet'
2019-10-29 20:41:45.845 INFO [http-nio-8080-exec-1]org.springframework.web.servlet.DispatcherServlet.initServletBean:546 -Completed initialization in 9 ms
2019-10-29 20:41:51.342 INFO [http-nio-8080-exec-7]com.alibaba.druid.pool.DruidDataSource.init:922 -{dataSource-1} inited
2019-10-29 20:42:31.157 INFO [main]com.wl.foodspringboot.FoodSpringBootApplicationTests.logStarting:50 -Starting FoodSpringBootApplicationTests on DESKTOP-814O8JJ with PID 6980 (started by WL in E:\Learn\IdeaProjects\FoodSpringBoot)
2019-10-29 20:42:31.158 INFO [main]com.wl.foodspringboot.FoodSpringBootApplicationTests.logStartupProfileInfo:647 -No active profile set, falling back to default profiles: default
2019-10-29 20:42:31.703 INFO [main]o.s.d.repository.config.RepositoryConfigurationDelegate.multipleStoresDetected:244 -Multiple Spring Data modules found, entering strict repository configuration mode!
2019-10-29 20:42:31.706 INFO [main]o.s.d.repository.config.RepositoryConfigurationDelegate.registerRepositoriesIn:126 -Bootstrapping Spring Data repositories in DEFAULT mode.
2019-10-29 20:42:31.728 INFO [main]o.s.d.repository.config.RepositoryConfigurationDelegate.registerRepositoriesIn:182 -Finished Spring Data repository scanning in 10ms. Found 0 repository interfaces.
2019-10-29 20:42:32.061 INFO [main]o.s.c.s.PostProcessorRegistrationDelegate$BeanPostProcessorChecker.postProcessAfterInitialization:330 -Bean 'org.springframework.transaction.annotation.ProxyTransactionManagementConfiguration' of type [org.springframework.transaction.annotation.ProxyTransactionManagementConfiguration$$EnhancerBySpringCGLIB$$82a79db6] is not eligible for getting processed by all BeanPostProcessors (for example: not eligible for auto-proxying)
2019-10-29 20:42:33.153 INFO [main]o.s.scheduling.concurrent.ThreadPoolTaskExecutor.initialize:171 -Initializing ExecutorService 'applicationTaskExecutor'
2019-10-29 20:42:33.232 INFO [main]o.s.b.a.web.servlet.WelcomePageHandlerMapping.<init>:54 -Adding welcome page: class path resource [public/index.html]
2019-10-29 20:42:33.308 WARN [main]org.thymeleaf.templatemode.TemplateMode.parse:150 -[THYMELEAF][main] Template Mode 'HTML5' is deprecated. Using Template Mode 'HTML' instead.
2019-10-29 20:42:33.659 INFO [main]com.wl.foodspringboot.FoodSpringBootApplicationTests.logStarted:59 -Started FoodSpringBootApplicationTests in 2.764 seconds (JVM running for 3.438)
2019-10-29 20:42:33.795 INFO [main]o.s.boot.test.context.SpringBootTestContextBootstrapper.buildDefaultMergedContextConfiguration:308 -Neither @ContextConfiguration nor @ContextHierarchy found for test class [com.wl.foodspringboot.RequestMockMvcTest], using SpringBootContextLoader
2019-10-29 20:42:33.796 INFO [main]o.s.test.context.support.AbstractContextLoader.generateDefaultLocations:264 -Could not detect default resource locations for test class [com.wl.foodspringboot.RequestMockMvcTest]: no resource found for suffixes {-context.xml, Context.groovy}.
2019-10-29 20:42:33.804 INFO [main]o.s.boot.test.context.SpringBootTestContextBootstrapper.getDefaultTestExecutionListenerClassNames:248 -Loaded default TestExecutionListener class names from location [META-INF/spring.factories]: [org.springframework.boot.test.mock.mockito.MockitoTestExecutionListener, org.springframework.boot.test.mock.mockito.ResetMocksTestExecutionListener, org.springframework.boot.test.autoconfigure.restdocs.RestDocsTestExecutionListener, org.springframework.boot.test.autoconfigure.web.client.MockRestServiceServerResetTestExecutionListener, org.springframework.boot.test.autoconfigure.web.servlet.MockMvcPrintOnlyOnFailureTestExecutionListener, org.springframework.boot.test.autoconfigure.web.servlet.WebDriverTestExecutionListener, org.springframework.test.context.web.ServletTestExecutionListener, org.springframework.test.context.support.DirtiesContextBeforeModesTestExecutionListener, org.springframework.test.context.support.DependencyInjectionTestExecutionListener, org.springframework.test.context.support.DirtiesContextTestExecutionListener, org.springframework.test.context.transaction.TransactionalTestExecutionListener, org.springframework.test.context.jdbc.SqlScriptsTestExecutionListener]
2019-10-29 20:42:33.805 INFO [main]o.s.boot.test.context.SpringBootTestContextBootstrapper.getTestExecutionListeners:177 -Using TestExecutionListeners: [org.springframework.test.context.web.ServletTestExecutionListener@3fe512d2, org.springframework.test.context.support.DirtiesContextBeforeModesTestExecutionListener@3fde8f7c, org.springframework.boot.test.mock.mockito.MockitoTestExecutionListener@11d86b9d, org.springframework.boot.test.autoconfigure.SpringBootDependencyInjectionTestExecutionListener@6dce59e, org.springframework.test.context.support.DirtiesContextTestExecutionListener@11381415, org.springframework.test.context.transaction.TransactionalTestExecutionListener@5ad6cc21, org.springframework.test.context.jdbc.SqlScriptsTestExecutionListener@800d065, org.springframework.boot.test.mock.mockito.ResetMocksTestExecutionListener@691124ee, org.springframework.boot.test.autoconfigure.restdocs.RestDocsTestExecutionListener@38d80d65, org.springframework.boot.test.autoconfigure.web.client.MockRestServiceServerResetTestExecutionListener@5403799b, org.springframework.boot.test.autoconfigure.web.servlet.MockMvcPrintOnlyOnFailureTestExecutionListener@5a0e0886, org.springframework.boot.test.autoconfigure.web.servlet.WebDriverTestExecutionListener@3ad8717d]
2019-10-29 20:42:33.832 INFO [main]com.wl.foodspringboot.RequestMockMvcTest.logStarting:50 -Starting RequestMockMvcTest on DESKTOP-814O8JJ with PID 6980 (started by WL in E:\Learn\IdeaProjects\FoodSpringBoot)
2019-10-29 20:42:33.833 INFO [main]com.wl.foodspringboot.RequestMockMvcTest.logStartupProfileInfo:647 -No active profile set, falling back to default profiles: default
2019-10-29 20:42:33.984 INFO [main]o.s.d.repository.config.RepositoryConfigurationDelegate.multipleStoresDetected:244 -Multiple Spring Data modules found, entering strict repository configuration mode!
2019-10-29 20:42:33.984 INFO [main]o.s.d.repository.config.RepositoryConfigurationDelegate.registerRepositoriesIn:126 -Bootstrapping Spring Data repositories in DEFAULT mode.
2019-10-29 20:42:33.990 INFO [main]o.s.d.repository.config.RepositoryConfigurationDelegate.registerRepositoriesIn:182 -Finished Spring Data repository scanning in 5ms. Found 0 repository interfaces.
2019-10-29 20:42:34.053 INFO [main]o.s.c.s.PostProcessorRegistrationDelegate$BeanPostProcessorChecker.postProcessAfterInitialization:330 -Bean 'org.springframework.transaction.annotation.ProxyTransactionManagementConfiguration' of type [org.springframework.transaction.annotation.ProxyTransactionManagementConfiguration$$EnhancerBySpringCGLIB$$82a79db6] is not eligible for getting processed by all BeanPostProcessors (for example: not eligible for auto-proxying)
2019-10-29 20:42:34.390 INFO [main]o.s.scheduling.concurrent.ThreadPoolTaskExecutor.initialize:171 -Initializing ExecutorService 'applicationTaskExecutor'
2019-10-29 20:42:34.412 INFO [main]o.s.b.a.web.servlet.WelcomePageHandlerMapping.<init>:54 -Adding welcome page: class path resource [public/index.html]
2019-10-29 20:42:34.456 WARN [main]org.thymeleaf.templatemode.TemplateMode.parse:150 -[THYMELEAF][main] Template Mode 'HTML5' is deprecated. Using Template Mode 'HTML' instead.
2019-10-29 20:42:34.646 INFO [main]o.s.boot.test.mock.web.SpringBootMockServletContext.log:444 -Initializing Spring TestDispatcherServlet ''
2019-10-29 20:42:34.647 INFO [main]o.springframework.test.web.servlet.TestDispatcherServlet.initServletBean:524 -Initializing Servlet ''
2019-10-29 20:42:34.660 INFO [main]o.springframework.test.web.servlet.TestDispatcherServlet.initServletBean:546 -Completed initialization in 13 ms
2019-10-29 20:42:34.674 INFO [main]com.wl.foodspringboot.RequestMockMvcTest.logStarted:59 -Started RequestMockMvcTest in 0.867 seconds (JVM running for 4.453)
2019-10-29 20:42:34.739 INFO [main]o.s.boot.test.context.SpringBootTestContextBootstrapper.buildDefaultMergedContextConfiguration:308 -Neither @ContextConfiguration nor @ContextHierarchy found for test class [com.wl.foodspringboot.TestDemo], using SpringBootContextLoader
2019-10-29 20:42:34.740 INFO [main]o.s.test.context.support.AbstractContextLoader.generateDefaultLocations:264 -Could not detect default resource locations for test class [com.wl.foodspringboot.TestDemo]: no resource found for suffixes {-context.xml, Context.groovy}.
2019-10-29 20:42:34.743 INFO [main]o.s.boot.test.context.SpringBootTestContextBootstrapper.getDefaultTestExecutionListenerClassNames:248 -Loaded default TestExecutionListener class names from location [META-INF/spring.factories]: [org.springframework.boot.test.mock.mockito.MockitoTestExecutionListener, org.springframework.boot.test.mock.mockito.ResetMocksTestExecutionListener, org.springframework.boot.test.autoconfigure.restdocs.RestDocsTestExecutionListener, org.springframework.boot.test.autoconfigure.web.client.MockRestServiceServerResetTestExecutionListener, org.springframework.boot.test.autoconfigure.web.servlet.MockMvcPrintOnlyOnFailureTestExecutionListener, org.springframework.boot.test.autoconfigure.web.servlet.WebDriverTestExecutionListener, org.springframework.test.context.web.ServletTestExecutionListener, org.springframework.test.context.support.DirtiesContextBeforeModesTestExecutionListener, org.springframework.test.context.support.DependencyInjectionTestExecutionListener, org.springframework.test.context.support.DirtiesContextTestExecutionListener, org.springframework.test.context.transaction.TransactionalTestExecutionListener, org.springframework.test.context.jdbc.SqlScriptsTestExecutionListener]
2019-10-29 20:42:34.744 INFO [main]o.s.boot.test.context.SpringBootTestContextBootstrapper.getTestExecutionListeners:177 -Using TestExecutionListeners: [org.springframework.test.context.web.ServletTestExecutionListener@681061d6, org.springframework.test.context.support.DirtiesContextBeforeModesTestExecutionListener@53d6e959, org.springframework.boot.test.mock.mockito.MockitoTestExecutionListener@3caee3a8, org.springframework.boot.test.autoconfigure.SpringBootDependencyInjectionTestExecutionListener@69a40b3c, org.springframework.test.context.support.DirtiesContextTestExecutionListener@251c90f, org.springframework.test.context.transaction.TransactionalTestExecutionListener@6629643d, org.springframework.test.context.jdbc.SqlScriptsTestExecutionListener@2dd178f3, org.springframework.boot.test.mock.mockito.ResetMocksTestExecutionListener@64656b9e, org.springframework.boot.test.autoconfigure.restdocs.RestDocsTestExecutionListener@6870cfac, org.springframework.boot.test.autoconfigure.web.client.MockRestServiceServerResetTestExecutionListener@45554613, org.springframework.boot.test.autoconfigure.web.servlet.MockMvcPrintOnlyOnFailureTestExecutionListener@63e5b8aa, org.springframework.boot.test.autoconfigure.web.servlet.WebDriverTestExecutionListener@2c9306d3]
2019-10-29 20:42:34.763 INFO [main]com.wl.foodspringboot.TestDemo.logStarting:50 -Starting TestDemo on DESKTOP-814O8JJ with PID 6980 (started by WL in E:\Learn\IdeaProjects\FoodSpringBoot)
2019-10-29 20:42:34.763 INFO [main]com.wl.foodspringboot.TestDemo.logStartupProfileInfo:647 -No active profile set, falling back to default profiles: default
2019-10-29 20:42:34.869 INFO [main]o.s.d.repository.config.RepositoryConfigurationDelegate.multipleStoresDetected:244 -Multiple Spring Data modules found, entering strict repository configuration mode!
2019-10-29 20:42:34.870 INFO [main]o.s.d.repository.config.RepositoryConfigurationDelegate.registerRepositoriesIn:126 -Bootstrapping Spring Data repositories in DEFAULT mode.
2019-10-29 20:42:34.876 INFO [main]o.s.d.repository.config.RepositoryConfigurationDelegate.registerRepositoriesIn:182 -Finished Spring Data repository scanning in 6ms. Found 0 repository interfaces.
2019-10-29 20:42:34.927 INFO [main]o.s.c.s.PostProcessorRegistrationDelegate$BeanPostProcessorChecker.postProcessAfterInitialization:330 -Bean 'org.springframework.transaction.annotation.ProxyTransactionManagementConfiguration' of type [org.springframework.transaction.annotation.ProxyTransactionManagementConfiguration$$EnhancerBySpringCGLIB$$82a79db6] is not eligible for getting processed by all BeanPostProcessors (for example: not eligible for auto-proxying)
2019-10-29 20:42:35.230 INFO [main]o.s.scheduling.concurrent.ThreadPoolTaskExecutor.initialize:171 -Initializing ExecutorService 'applicationTaskExecutor'
2019-10-29 20:42:35.253 INFO [main]o.s.b.a.web.servlet.WelcomePageHandlerMapping.<init>:54 -Adding welcome page: class path resource [public/index.html]
2019-10-29 20:42:35.303 WARN [main]org.thymeleaf.templatemode.TemplateMode.parse:150 -[THYMELEAF][main] Template Mode 'HTML5' is deprecated. Using Template Mode 'HTML' instead.
2019-10-29 20:42:35.502 INFO [main]com.wl.foodspringboot.TestDemo.logStarted:59 -Started TestDemo in 0.757 seconds (JVM running for 5.281)
2019-10-29 20:42:35.517 INFO [Thread-6]o.s.scheduling.concurrent.ThreadPoolTaskExecutor.shutdown:208 -Shutting down ExecutorService 'applicationTaskExecutor'
2019-10-29 20:42:35.623 INFO [Thread-8]o.s.scheduling.concurrent.ThreadPoolTaskExecutor.shutdown:208 -Shutting down ExecutorService 'applicationTaskExecutor'
2019-10-29 20:42:35.517 INFO [Thread-3]o.s.scheduling.concurrent.ThreadPoolTaskExecutor.shutdown:208 -Shutting down ExecutorService 'applicationTaskExecutor'
2019-10-29 20:50:25.212 INFO [restartedMain]com.wl.foodspringboot.FoodSpringBootApplication.logStarting:50 -Starting FoodSpringBootApplication on DESKTOP-814O8JJ with PID 4548 (E:\Learn\IdeaProjects\FoodSpringBoot\target\classes started by WL in E:\Learn\IdeaProjects\FoodSpringBoot)
2019-10-29 20:50:25.214 INFO [restartedMain]com.wl.foodspringboot.FoodSpringBootApplication.logStartupProfileInfo:647 -No active profile set, falling back to default profiles: default
2019-10-29 20:50:25.248 INFO [restartedMain]o.s.b.devtools.env.DevToolsPropertyDefaultsPostProcessor.logTo:225 -Devtools property defaults active! Set 'spring.devtools.add-properties' to 'false' to disable
2019-10-29 20:50:25.248 INFO [restartedMain]o.s.b.devtools.env.DevToolsPropertyDefaultsPostProcessor.logTo:225 -For additional web related logging consider setting the 'logging.level.web' property to 'DEBUG'
2019-10-29 20:50:25.781 INFO [restartedMain]o.s.d.repository.config.RepositoryConfigurationDelegate.multipleStoresDetected:244 -Multiple Spring Data modules found, entering strict repository configuration mode!
2019-10-29 20:50:25.782 INFO [restartedMain]o.s.d.repository.config.RepositoryConfigurationDelegate.registerRepositoriesIn:126 -Bootstrapping Spring Data repositories in DEFAULT mode.
2019-10-29 20:50:25.803 INFO [restartedMain]o.s.d.repository.config.RepositoryConfigurationDelegate.registerRepositoriesIn:182 -Finished Spring Data repository scanning in 9ms. Found 0 repository interfaces.
2019-10-29 20:50:26.044 INFO [restartedMain]o.s.c.s.PostProcessorRegistrationDelegate$BeanPostProcessorChecker.postProcessAfterInitialization:330 -Bean 'org.springframework.transaction.annotation.ProxyTransactionManagementConfiguration' of type [org.springframework.transaction.annotation.ProxyTransactionManagementConfiguration$$EnhancerBySpringCGLIB$$1121fa77] is not eligible for getting processed by all BeanPostProcessors (for example: not eligible for auto-proxying)
2019-10-29 20:50:26.280 INFO [restartedMain]o.s.boot.web.embedded.tomcat.TomcatWebServer.initialize:90 -Tomcat initialized with port(s): 8080 (http)
2019-10-29 20:50:26.289 INFO [restartedMain]org.apache.coyote.http11.Http11NioProtocol.log:173 -Initializing ProtocolHandler ["http-nio-8080"]
2019-10-29 20:50:26.295 INFO [restartedMain]org.apache.catalina.core.StandardService.log:173 -Starting service [Tomcat]
2019-10-29 20:50:26.296 INFO [restartedMain]org.apache.catalina.core.StandardEngine.log:173 -Starting Servlet engine: [Apache Tomcat/9.0.22]
2019-10-29 20:50:26.300 INFO [restartedMain]org.apache.catalina.core.AprLifecycleListener.log:173 -An older version [1.2.21] of the APR based Apache Tomcat Native library is installed, while Tomcat recommends a minimum version of [1.2.23]
2019-10-29 20:50:26.301 INFO [restartedMain]org.apache.catalina.core.AprLifecycleListener.log:173 -Loaded APR based Apache Tomcat Native library [1.2.21] using APR version [1.6.5].
2019-10-29 20:50:26.301 INFO [restartedMain]org.apache.catalina.core.AprLifecycleListener.log:173 -APR capabilities: IPv6 [true], sendfile [true], accept filters [false], random [true].
2019-10-29 20:50:26.301 INFO [restartedMain]org.apache.catalina.core.AprLifecycleListener.log:173 -APR/OpenSSL configuration: useAprConnector [false], useOpenSSL [true]
2019-10-29 20:50:26.304 INFO [restartedMain]org.apache.catalina.core.AprLifecycleListener.log:173 -OpenSSL successfully initialized [OpenSSL 1.1.1a  20 Nov 2018]
2019-10-29 20:50:26.378 INFO [restartedMain]o.a.c.c.C.[Tomcat].[localhost].[/foodspringboot].log:173 -Initializing Spring embedded WebApplicationContext
2019-10-29 20:50:26.379 INFO [restartedMain]org.springframework.web.context.ContextLoader.prepareWebApplicationContext:284 -Root WebApplicationContext: initialization completed in 1131 ms
2019-10-29 20:50:26.922 INFO [restartedMain]o.s.scheduling.concurrent.ThreadPoolTaskExecutor.initialize:171 -Initializing ExecutorService 'applicationTaskExecutor'
2019-10-29 20:50:26.970 INFO [restartedMain]o.s.b.a.web.servlet.WelcomePageHandlerMapping.<init>:54 -Adding welcome page: class path resource [public/index.html]
2019-10-29 20:50:27.003 WARN [restartedMain]org.thymeleaf.templatemode.TemplateMode.parse:150 -[THYMELEAF][restartedMain] Template Mode 'HTML5' is deprecated. Using Template Mode 'HTML' instead.
2019-10-29 20:50:27.165 INFO [restartedMain]o.s.boot.devtools.autoconfigure.OptionalLiveReloadServer.startServer:57 -LiveReload server is running on port 35729
2019-10-29 20:50:27.187 INFO [restartedMain]org.apache.coyote.http11.Http11NioProtocol.log:173 -Starting ProtocolHandler ["http-nio-8080"]
2019-10-29 20:50:27.203 INFO [restartedMain]o.s.boot.web.embedded.tomcat.TomcatWebServer.start:202 -Tomcat started on port(s): 8080 (http) with context path '/foodspringboot'
2019-10-29 20:50:27.205 INFO [restartedMain]com.wl.foodspringboot.FoodSpringBootApplication.logStarted:59 -Started FoodSpringBootApplication in 2.35 seconds (JVM running for 3.261)
2019-10-29 20:50:35.033 INFO [http-nio-8080-exec-1]o.a.c.c.C.[Tomcat].[localhost].[/foodspringboot].log:173 -Initializing Spring DispatcherServlet 'dispatcherServlet'
2019-10-29 20:50:35.034 INFO [http-nio-8080-exec-1]org.springframework.web.servlet.DispatcherServlet.initServletBean:524 -Initializing Servlet 'dispatcherServlet'
2019-10-29 20:50:35.039 INFO [http-nio-8080-exec-1]org.springframework.web.servlet.DispatcherServlet.initServletBean:546 -Completed initialization in 5 ms
2019-10-29 20:50:39.167 INFO [http-nio-8080-exec-9]com.alibaba.druid.pool.DruidDataSource.init:922 -{dataSource-1} inited
2019-10-29 21:11:45.872 INFO [restartedMain]com.wl.foodspringboot.FoodSpringBootApplication.logStarting:50 -Starting FoodSpringBootApplication on DESKTOP-814O8JJ with PID 100 (E:\Learn\IdeaProjects\FoodSpringBoot\target\classes started by WL in E:\Learn\IdeaProjects\FoodSpringBoot)
2019-10-29 21:11:45.875 INFO [restartedMain]com.wl.foodspringboot.FoodSpringBootApplication.logStartupProfileInfo:647 -No active profile set, falling back to default profiles: default
2019-10-29 21:11:45.914 INFO [restartedMain]o.s.b.devtools.env.DevToolsPropertyDefaultsPostProcessor.logTo:225 -Devtools property defaults active! Set 'spring.devtools.add-properties' to 'false' to disable
2019-10-29 21:11:45.914 INFO [restartedMain]o.s.b.devtools.env.DevToolsPropertyDefaultsPostProcessor.logTo:225 -For additional web related logging consider setting the 'logging.level.web' property to 'DEBUG'
2019-10-29 21:11:46.501 INFO [restartedMain]o.s.d.repository.config.RepositoryConfigurationDelegate.multipleStoresDetected:244 -Multiple Spring Data modules found, entering strict repository configuration mode!
2019-10-29 21:11:46.503 INFO [restartedMain]o.s.d.repository.config.RepositoryConfigurationDelegate.registerRepositoriesIn:126 -Bootstrapping Spring Data repositories in DEFAULT mode.
2019-10-29 21:11:46.523 INFO [restartedMain]o.s.d.repository.config.RepositoryConfigurationDelegate.registerRepositoriesIn:182 -Finished Spring Data repository scanning in 9ms. Found 0 repository interfaces.
2019-10-29 21:11:46.758 INFO [restartedMain]o.s.c.s.PostProcessorRegistrationDelegate$BeanPostProcessorChecker.postProcessAfterInitialization:330 -Bean 'org.springframework.transaction.annotation.ProxyTransactionManagementConfiguration' of type [org.springframework.transaction.annotation.ProxyTransactionManagementConfiguration$$EnhancerBySpringCGLIB$$d020d3c7] is not eligible for getting processed by all BeanPostProcessors (for example: not eligible for auto-proxying)
2019-10-29 21:11:46.994 INFO [restartedMain]o.s.boot.web.embedded.tomcat.TomcatWebServer.initialize:90 -Tomcat initialized with port(s): 8080 (http)
2019-10-29 21:11:47.003 INFO [restartedMain]org.apache.coyote.http11.Http11NioProtocol.log:173 -Initializing ProtocolHandler ["http-nio-8080"]
2019-10-29 21:11:47.009 INFO [restartedMain]org.apache.catalina.core.StandardService.log:173 -Starting service [Tomcat]
2019-10-29 21:11:47.009 INFO [restartedMain]org.apache.catalina.core.StandardEngine.log:173 -Starting Servlet engine: [Apache Tomcat/9.0.22]
2019-10-29 21:11:47.014 INFO [restartedMain]org.apache.catalina.core.AprLifecycleListener.log:173 -An older version [1.2.21] of the APR based Apache Tomcat Native library is installed, while Tomcat recommends a minimum version of [1.2.23]
2019-10-29 21:11:47.014 INFO [restartedMain]org.apache.catalina.core.AprLifecycleListener.log:173 -Loaded APR based Apache Tomcat Native library [1.2.21] using APR version [1.6.5].
2019-10-29 21:11:47.014 INFO [restartedMain]org.apache.catalina.core.AprLifecycleListener.log:173 -APR capabilities: IPv6 [true], sendfile [true], accept filters [false], random [true].
2019-10-29 21:11:47.015 INFO [restartedMain]org.apache.catalina.core.AprLifecycleListener.log:173 -APR/OpenSSL configuration: useAprConnector [false], useOpenSSL [true]
2019-10-29 21:11:47.017 INFO [restartedMain]org.apache.catalina.core.AprLifecycleListener.log:173 -OpenSSL successfully initialized [OpenSSL 1.1.1a  20 Nov 2018]
2019-10-29 21:11:47.083 INFO [restartedMain]o.a.c.c.C.[Tomcat].[localhost].[/foodspringboot].log:173 -Initializing Spring embedded WebApplicationContext
2019-10-29 21:11:47.084 INFO [restartedMain]org.springframework.web.context.ContextLoader.prepareWebApplicationContext:284 -Root WebApplicationContext: initialization completed in 1170 ms
2019-10-29 21:11:47.560 INFO [restartedMain]o.s.scheduling.concurrent.ThreadPoolTaskExecutor.initialize:171 -Initializing ExecutorService 'applicationTaskExecutor'
2019-10-29 21:11:47.603 INFO [restartedMain]o.s.b.a.web.servlet.WelcomePageHandlerMapping.<init>:54 -Adding welcome page: class path resource [public/index.html]
2019-10-29 21:11:47.632 WARN [restartedMain]org.thymeleaf.templatemode.TemplateMode.parse:150 -[THYMELEAF][restartedMain] Template Mode 'HTML5' is deprecated. Using Template Mode 'HTML' instead.
2019-10-29 21:11:47.784 INFO [restartedMain]o.s.boot.devtools.autoconfigure.OptionalLiveReloadServer.startServer:57 -LiveReload server is running on port 35729
2019-10-29 21:11:47.808 INFO [restartedMain]org.apache.coyote.http11.Http11NioProtocol.log:173 -Starting ProtocolHandler ["http-nio-8080"]
2019-10-29 21:11:47.823 INFO [restartedMain]o.s.boot.web.embedded.tomcat.TomcatWebServer.start:202 -Tomcat started on port(s): 8080 (http) with context path '/foodspringboot'
2019-10-29 21:11:47.825 INFO [restartedMain]com.wl.foodspringboot.FoodSpringBootApplication.logStarted:59 -Started FoodSpringBootApplication in 2.269 seconds (JVM running for 3.186)
2019-10-29 21:12:00.794 INFO [http-nio-8080-exec-1]o.a.c.c.C.[Tomcat].[localhost].[/foodspringboot].log:173 -Initializing Spring DispatcherServlet 'dispatcherServlet'
2019-10-29 21:12:00.794 INFO [http-nio-8080-exec-1]org.springframework.web.servlet.DispatcherServlet.initServletBean:524 -Initializing Servlet 'dispatcherServlet'
2019-10-29 21:12:00.800 INFO [http-nio-8080-exec-1]org.springframework.web.servlet.DispatcherServlet.initServletBean:546 -Completed initialization in 6 ms
2019-10-29 21:12:10.037 INFO [http-nio-8080-exec-2]com.alibaba.druid.pool.DruidDataSource.init:922 -{dataSource-1} inited
