2019-10-27 20:40:22.145 INFO [main]com.wl.foodspringboot.FoodSpringBootApplicationTests.logStarting:50 -Starting FoodSpringBootApplicationTests on DESKTOP-814O8JJ with PID 13548 (started by WL in E:\Learn\IdeaProjects\FoodSpringBoot)
2019-10-27 20:40:22.147 INFO [main]com.wl.foodspringboot.FoodSpringBootApplicationTests.logStartupProfileInfo:647 -No active profile set, falling back to default profiles: default
2019-10-27 20:40:23.685 INFO [main]o.s.d.repository.config.RepositoryConfigurationDelegate.multipleStoresDetected:244 -Multiple Spring Data modules found, entering strict repository configuration mode!
2019-10-27 20:40:23.688 INFO [main]o.s.d.repository.config.RepositoryConfigurationDelegate.registerRepositoriesIn:126 -Bootstrapping Spring Data repositories in DEFAULT mode.
2019-10-27 20:40:23.739 INFO [main]o.s.d.repository.config.RepositoryConfigurationDelegate.registerRepositoriesIn:182 -Finished Spring Data repository scanning in 11ms. Found 0 repository interfaces.
2019-10-27 20:40:24.098 INFO [main]o.s.c.s.PostProcessorRegistrationDelegate$BeanPostProcessorChecker.postProcessAfterInitialization:330 -Bean 'org.springframework.transaction.annotation.ProxyTransactionManagementConfiguration' of type [org.springframework.transaction.annotation.ProxyTransactionManagementConfiguration$$EnhancerBySpringCGLIB$$82a79db6] is not eligible for getting processed by all BeanPostProcessors (for example: not eligible for auto-proxying)
2019-10-27 20:40:25.820 INFO [main]o.s.scheduling.concurrent.ThreadPoolTaskExecutor.initialize:171 -Initializing ExecutorService 'applicationTaskExecutor'
2019-10-27 20:40:25.902 INFO [main]o.s.b.a.web.servlet.WelcomePageHandlerMapping.<init>:54 -Adding welcome page: class path resource [public/index.html]
2019-10-27 20:40:25.999 WARN [main]org.thymeleaf.templatemode.TemplateMode.parse:150 -[THYMELEAF][main] Template Mode 'HTML5' is deprecated. Using Template Mode 'HTML' instead.
2019-10-27 20:40:26.389 INFO [main]com.wl.foodspringboot.FoodSpringBootApplicationTests.logStarted:59 -Started FoodSpringBootApplicationTests in 5.054 seconds (JVM running for 6.478)
2019-10-27 20:40:26.898 INFO [main]o.s.boot.test.context.SpringBootTestContextBootstrapper.buildDefaultMergedContextConfiguration:308 -Neither @ContextConfiguration nor @ContextHierarchy found for test class [com.wl.foodspringboot.RequestMockMvcTest], using SpringBootContextLoader
2019-10-27 20:40:26.898 INFO [main]o.s.test.context.support.AbstractContextLoader.generateDefaultLocations:264 -Could not detect default resource locations for test class [com.wl.foodspringboot.RequestMockMvcTest]: no resource found for suffixes {-context.xml, Context.groovy}.
2019-10-27 20:40:26.920 INFO [main]o.s.boot.test.context.SpringBootTestContextBootstrapper.getDefaultTestExecutionListenerClassNames:248 -Loaded default TestExecutionListener class names from location [META-INF/spring.factories]: [org.springframework.boot.test.mock.mockito.MockitoTestExecutionListener, org.springframework.boot.test.mock.mockito.ResetMocksTestExecutionListener, org.springframework.boot.test.autoconfigure.restdocs.RestDocsTestExecutionListener, org.springframework.boot.test.autoconfigure.web.client.MockRestServiceServerResetTestExecutionListener, org.springframework.boot.test.autoconfigure.web.servlet.MockMvcPrintOnlyOnFailureTestExecutionListener, org.springframework.boot.test.autoconfigure.web.servlet.WebDriverTestExecutionListener, org.springframework.test.context.web.ServletTestExecutionListener, org.springframework.test.context.support.DirtiesContextBeforeModesTestExecutionListener, org.springframework.test.context.support.DependencyInjectionTestExecutionListener, org.springframework.test.context.support.DirtiesContextTestExecutionListener, org.springframework.test.context.transaction.TransactionalTestExecutionListener, org.springframework.test.context.jdbc.SqlScriptsTestExecutionListener]
2019-10-27 20:40:26.921 INFO [main]o.s.boot.test.context.SpringBootTestContextBootstrapper.getTestExecutionListeners:177 -Using TestExecutionListeners: [org.springframework.test.context.web.ServletTestExecutionListener@3fe512d2, org.springframework.test.context.support.DirtiesContextBeforeModesTestExecutionListener@3fde8f7c, org.springframework.boot.test.mock.mockito.MockitoTestExecutionListener@11d86b9d, org.springframework.boot.test.autoconfigure.SpringBootDependencyInjectionTestExecutionListener@6dce59e, org.springframework.test.context.support.DirtiesContextTestExecutionListener@11381415, org.springframework.test.context.transaction.TransactionalTestExecutionListener@5ad6cc21, org.springframework.test.context.jdbc.SqlScriptsTestExecutionListener@800d065, org.springframework.boot.test.mock.mockito.ResetMocksTestExecutionListener@691124ee, org.springframework.boot.test.autoconfigure.restdocs.RestDocsTestExecutionListener@38d80d65, org.springframework.boot.test.autoconfigure.web.client.MockRestServiceServerResetTestExecutionListener@5403799b, org.springframework.boot.test.autoconfigure.web.servlet.MockMvcPrintOnlyOnFailureTestExecutionListener@5a0e0886, org.springframework.boot.test.autoconfigure.web.servlet.WebDriverTestExecutionListener@3ad8717d]
2019-10-27 20:40:26.945 INFO [main]com.wl.foodspringboot.RequestMockMvcTest.logStarting:50 -Starting RequestMockMvcTest on DESKTOP-814O8JJ with PID 13548 (started by WL in E:\Learn\IdeaProjects\FoodSpringBoot)
2019-10-27 20:40:26.945 INFO [main]com.wl.foodspringboot.RequestMockMvcTest.logStartupProfileInfo:647 -No active profile set, falling back to default profiles: default
2019-10-27 20:40:27.093 INFO [main]o.s.d.repository.config.RepositoryConfigurationDelegate.multipleStoresDetected:244 -Multiple Spring Data modules found, entering strict repository configuration mode!
2019-10-27 20:40:27.093 INFO [main]o.s.d.repository.config.RepositoryConfigurationDelegate.registerRepositoriesIn:126 -Bootstrapping Spring Data repositories in DEFAULT mode.
2019-10-27 20:40:27.099 INFO [main]o.s.d.repository.config.RepositoryConfigurationDelegate.registerRepositoriesIn:182 -Finished Spring Data repository scanning in 5ms. Found 0 repository interfaces.
2019-10-27 20:40:27.169 INFO [main]o.s.c.s.PostProcessorRegistrationDelegate$BeanPostProcessorChecker.postProcessAfterInitialization:330 -Bean 'org.springframework.transaction.annotation.ProxyTransactionManagementConfiguration' of type [org.springframework.transaction.annotation.ProxyTransactionManagementConfiguration$$EnhancerBySpringCGLIB$$82a79db6] is not eligible for getting processed by all BeanPostProcessors (for example: not eligible for auto-proxying)
2019-10-27 20:40:27.510 INFO [main]o.s.scheduling.concurrent.ThreadPoolTaskExecutor.initialize:171 -Initializing ExecutorService 'applicationTaskExecutor'
2019-10-27 20:40:27.534 INFO [main]o.s.b.a.web.servlet.WelcomePageHandlerMapping.<init>:54 -Adding welcome page: class path resource [public/index.html]
2019-10-27 20:40:27.592 WARN [main]org.thymeleaf.templatemode.TemplateMode.parse:150 -[THYMELEAF][main] Template Mode 'HTML5' is deprecated. Using Template Mode 'HTML' instead.
2019-10-27 20:40:27.926 INFO [main]o.s.boot.test.mock.web.SpringBootMockServletContext.log:444 -Initializing Spring TestDispatcherServlet ''
2019-10-27 20:40:27.926 INFO [main]o.springframework.test.web.servlet.TestDispatcherServlet.initServletBean:524 -Initializing Servlet ''
2019-10-27 20:40:27.935 INFO [main]o.springframework.test.web.servlet.TestDispatcherServlet.initServletBean:546 -Completed initialization in 9 ms
2019-10-27 20:40:27.946 INFO [main]com.wl.foodspringboot.RequestMockMvcTest.logStarted:59 -Started RequestMockMvcTest in 1.022 seconds (JVM running for 8.035)
2019-10-27 20:40:28.152 INFO [main]o.s.boot.test.context.SpringBootTestContextBootstrapper.buildDefaultMergedContextConfiguration:308 -Neither @ContextConfiguration nor @ContextHierarchy found for test class [com.wl.foodspringboot.TestDemo], using SpringBootContextLoader
2019-10-27 20:40:28.153 INFO [main]o.s.test.context.support.AbstractContextLoader.generateDefaultLocations:264 -Could not detect default resource locations for test class [com.wl.foodspringboot.TestDemo]: no resource found for suffixes {-context.xml, Context.groovy}.
2019-10-27 20:40:28.156 INFO [main]o.s.boot.test.context.SpringBootTestContextBootstrapper.getDefaultTestExecutionListenerClassNames:248 -Loaded default TestExecutionListener class names from location [META-INF/spring.factories]: [org.springframework.boot.test.mock.mockito.MockitoTestExecutionListener, org.springframework.boot.test.mock.mockito.ResetMocksTestExecutionListener, org.springframework.boot.test.autoconfigure.restdocs.RestDocsTestExecutionListener, org.springframework.boot.test.autoconfigure.web.client.MockRestServiceServerResetTestExecutionListener, org.springframework.boot.test.autoconfigure.web.servlet.MockMvcPrintOnlyOnFailureTestExecutionListener, org.springframework.boot.test.autoconfigure.web.servlet.WebDriverTestExecutionListener, org.springframework.test.context.web.ServletTestExecutionListener, org.springframework.test.context.support.DirtiesContextBeforeModesTestExecutionListener, org.springframework.test.context.support.DependencyInjectionTestExecutionListener, org.springframework.test.context.support.DirtiesContextTestExecutionListener, org.springframework.test.context.transaction.TransactionalTestExecutionListener, org.springframework.test.context.jdbc.SqlScriptsTestExecutionListener]
2019-10-27 20:40:28.156 INFO [main]o.s.boot.test.context.SpringBootTestContextBootstrapper.getTestExecutionListeners:177 -Using TestExecutionListeners: [org.springframework.test.context.web.ServletTestExecutionListener@681061d6, org.springframework.test.context.support.DirtiesContextBeforeModesTestExecutionListener@53d6e959, org.springframework.boot.test.mock.mockito.MockitoTestExecutionListener@3caee3a8, org.springframework.boot.test.autoconfigure.SpringBootDependencyInjectionTestExecutionListener@69a40b3c, org.springframework.test.context.support.DirtiesContextTestExecutionListener@251c90f, org.springframework.test.context.transaction.TransactionalTestExecutionListener@6629643d, org.springframework.test.context.jdbc.SqlScriptsTestExecutionListener@2dd178f3, org.springframework.boot.test.mock.mockito.ResetMocksTestExecutionListener@64656b9e, org.springframework.boot.test.autoconfigure.restdocs.RestDocsTestExecutionListener@6870cfac, org.springframework.boot.test.autoconfigure.web.client.MockRestServiceServerResetTestExecutionListener@45554613, org.springframework.boot.test.autoconfigure.web.servlet.MockMvcPrintOnlyOnFailureTestExecutionListener@63e5b8aa, org.springframework.boot.test.autoconfigure.web.servlet.WebDriverTestExecutionListener@2c9306d3]
2019-10-27 20:40:28.174 INFO [main]com.wl.foodspringboot.TestDemo.logStarting:50 -Starting TestDemo on DESKTOP-814O8JJ with PID 13548 (started by WL in E:\Learn\IdeaProjects\FoodSpringBoot)
2019-10-27 20:40:28.175 INFO [main]com.wl.foodspringboot.TestDemo.logStartupProfileInfo:647 -No active profile set, falling back to default profiles: default
2019-10-27 20:40:28.283 INFO [main]o.s.d.repository.config.RepositoryConfigurationDelegate.multipleStoresDetected:244 -Multiple Spring Data modules found, entering strict repository configuration mode!
2019-10-27 20:40:28.284 INFO [main]o.s.d.repository.config.RepositoryConfigurationDelegate.registerRepositoriesIn:126 -Bootstrapping Spring Data repositories in DEFAULT mode.
2019-10-27 20:40:28.289 INFO [main]o.s.d.repository.config.RepositoryConfigurationDelegate.registerRepositoriesIn:182 -Finished Spring Data repository scanning in 5ms. Found 0 repository interfaces.
2019-10-27 20:40:28.335 INFO [main]o.s.c.s.PostProcessorRegistrationDelegate$BeanPostProcessorChecker.postProcessAfterInitialization:330 -Bean 'org.springframework.transaction.annotation.ProxyTransactionManagementConfiguration' of type [org.springframework.transaction.annotation.ProxyTransactionManagementConfiguration$$EnhancerBySpringCGLIB$$82a79db6] is not eligible for getting processed by all BeanPostProcessors (for example: not eligible for auto-proxying)
2019-10-27 20:40:28.631 INFO [main]o.s.scheduling.concurrent.ThreadPoolTaskExecutor.initialize:171 -Initializing ExecutorService 'applicationTaskExecutor'
2019-10-27 20:40:28.651 INFO [main]o.s.b.a.web.servlet.WelcomePageHandlerMapping.<init>:54 -Adding welcome page: class path resource [public/index.html]
2019-10-27 20:40:28.691 WARN [main]org.thymeleaf.templatemode.TemplateMode.parse:150 -[THYMELEAF][main] Template Mode 'HTML5' is deprecated. Using Template Mode 'HTML' instead.
2019-10-27 20:40:28.865 INFO [main]com.wl.foodspringboot.TestDemo.logStarted:59 -Started TestDemo in 0.707 seconds (JVM running for 8.954)
2019-10-27 20:40:29.014 INFO [Thread-3]o.s.scheduling.concurrent.ThreadPoolTaskExecutor.shutdown:208 -Shutting down ExecutorService 'applicationTaskExecutor'
2019-10-27 20:40:29.015 INFO [Thread-8]o.s.scheduling.concurrent.ThreadPoolTaskExecutor.shutdown:208 -Shutting down ExecutorService 'applicationTaskExecutor'
2019-10-27 20:40:29.015 INFO [Thread-6]o.s.scheduling.concurrent.ThreadPoolTaskExecutor.shutdown:208 -Shutting down ExecutorService 'applicationTaskExecutor'
2019-10-27 20:59:06.852 INFO [main]com.wl.foodspringboot.FoodSpringBootApplicationTests.logStarting:50 -Starting FoodSpringBootApplicationTests on DESKTOP-814O8JJ with PID 10652 (started by WL in E:\Learn\IdeaProjects\FoodSpringBoot)
2019-10-27 20:59:06.854 INFO [main]com.wl.foodspringboot.FoodSpringBootApplicationTests.logStartupProfileInfo:647 -No active profile set, falling back to default profiles: default
2019-10-27 20:59:07.437 INFO [main]o.s.d.repository.config.RepositoryConfigurationDelegate.multipleStoresDetected:244 -Multiple Spring Data modules found, entering strict repository configuration mode!
2019-10-27 20:59:07.440 INFO [main]o.s.d.repository.config.RepositoryConfigurationDelegate.registerRepositoriesIn:126 -Bootstrapping Spring Data repositories in DEFAULT mode.
2019-10-27 20:59:07.466 INFO [main]o.s.d.repository.config.RepositoryConfigurationDelegate.registerRepositoriesIn:182 -Finished Spring Data repository scanning in 12ms. Found 0 repository interfaces.
2019-10-27 20:59:07.888 INFO [main]o.s.c.s.PostProcessorRegistrationDelegate$BeanPostProcessorChecker.postProcessAfterInitialization:330 -Bean 'org.springframework.transaction.annotation.ProxyTransactionManagementConfiguration' of type [org.springframework.transaction.annotation.ProxyTransactionManagementConfiguration$$EnhancerBySpringCGLIB$$6ed9fda7] is not eligible for getting processed by all BeanPostProcessors (for example: not eligible for auto-proxying)
2019-10-27 20:59:08.995 INFO [main]o.s.scheduling.concurrent.ThreadPoolTaskExecutor.initialize:171 -Initializing ExecutorService 'applicationTaskExecutor'
2019-10-27 20:59:09.070 INFO [main]o.s.b.a.web.servlet.WelcomePageHandlerMapping.<init>:54 -Adding welcome page: class path resource [public/index.html]
2019-10-27 20:59:09.144 WARN [main]org.thymeleaf.templatemode.TemplateMode.parse:150 -[THYMELEAF][main] Template Mode 'HTML5' is deprecated. Using Template Mode 'HTML' instead.
2019-10-27 20:59:09.464 INFO [main]com.wl.foodspringboot.FoodSpringBootApplicationTests.logStarted:59 -Started FoodSpringBootApplicationTests in 2.891 seconds (JVM running for 3.627)
2019-10-27 20:59:09.600 INFO [main]o.s.boot.test.context.SpringBootTestContextBootstrapper.buildDefaultMergedContextConfiguration:308 -Neither @ContextConfiguration nor @ContextHierarchy found for test class [com.wl.foodspringboot.RequestMockMvcTest], using SpringBootContextLoader
2019-10-27 20:59:09.601 INFO [main]o.s.test.context.support.AbstractContextLoader.generateDefaultLocations:264 -Could not detect default resource locations for test class [com.wl.foodspringboot.RequestMockMvcTest]: no resource found for suffixes {-context.xml, Context.groovy}.
2019-10-27 20:59:09.607 INFO [main]o.s.boot.test.context.SpringBootTestContextBootstrapper.getDefaultTestExecutionListenerClassNames:248 -Loaded default TestExecutionListener class names from location [META-INF/spring.factories]: [org.springframework.boot.test.mock.mockito.MockitoTestExecutionListener, org.springframework.boot.test.mock.mockito.ResetMocksTestExecutionListener, org.springframework.boot.test.autoconfigure.restdocs.RestDocsTestExecutionListener, org.springframework.boot.test.autoconfigure.web.client.MockRestServiceServerResetTestExecutionListener, org.springframework.boot.test.autoconfigure.web.servlet.MockMvcPrintOnlyOnFailureTestExecutionListener, org.springframework.boot.test.autoconfigure.web.servlet.WebDriverTestExecutionListener, org.springframework.test.context.web.ServletTestExecutionListener, org.springframework.test.context.support.DirtiesContextBeforeModesTestExecutionListener, org.springframework.test.context.support.DependencyInjectionTestExecutionListener, org.springframework.test.context.support.DirtiesContextTestExecutionListener, org.springframework.test.context.transaction.TransactionalTestExecutionListener, org.springframework.test.context.jdbc.SqlScriptsTestExecutionListener]
2019-10-27 20:59:09.608 INFO [main]o.s.boot.test.context.SpringBootTestContextBootstrapper.getTestExecutionListeners:177 -Using TestExecutionListeners: [org.springframework.test.context.web.ServletTestExecutionListener@60f77af, org.springframework.test.context.support.DirtiesContextBeforeModesTestExecutionListener@2574a9e3, org.springframework.boot.test.mock.mockito.MockitoTestExecutionListener@18b6d3c1, org.springframework.boot.test.autoconfigure.SpringBootDependencyInjectionTestExecutionListener@422ab737, org.springframework.test.context.support.DirtiesContextTestExecutionListener@3fe512d2, org.springframework.test.context.transaction.TransactionalTestExecutionListener@3fde8f7c, org.springframework.test.context.jdbc.SqlScriptsTestExecutionListener@11d86b9d, org.springframework.boot.test.mock.mockito.ResetMocksTestExecutionListener@6dce59e, org.springframework.boot.test.autoconfigure.restdocs.RestDocsTestExecutionListener@11381415, org.springframework.boot.test.autoconfigure.web.client.MockRestServiceServerResetTestExecutionListener@5ad6cc21, org.springframework.boot.test.autoconfigure.web.servlet.MockMvcPrintOnlyOnFailureTestExecutionListener@800d065, org.springframework.boot.test.autoconfigure.web.servlet.WebDriverTestExecutionListener@691124ee]
2019-10-27 20:59:09.636 INFO [main]com.wl.foodspringboot.RequestMockMvcTest.logStarting:50 -Starting RequestMockMvcTest on DESKTOP-814O8JJ with PID 10652 (started by WL in E:\Learn\IdeaProjects\FoodSpringBoot)
2019-10-27 20:59:09.636 INFO [main]com.wl.foodspringboot.RequestMockMvcTest.logStartupProfileInfo:647 -No active profile set, falling back to default profiles: default
2019-10-27 20:59:09.784 INFO [main]o.s.d.repository.config.RepositoryConfigurationDelegate.multipleStoresDetected:244 -Multiple Spring Data modules found, entering strict repository configuration mode!
2019-10-27 20:59:09.784 INFO [main]o.s.d.repository.config.RepositoryConfigurationDelegate.registerRepositoriesIn:126 -Bootstrapping Spring Data repositories in DEFAULT mode.
2019-10-27 20:59:09.790 INFO [main]o.s.d.repository.config.RepositoryConfigurationDelegate.registerRepositoriesIn:182 -Finished Spring Data repository scanning in 6ms. Found 0 repository interfaces.
2019-10-27 20:59:09.863 INFO [main]o.s.c.s.PostProcessorRegistrationDelegate$BeanPostProcessorChecker.postProcessAfterInitialization:330 -Bean 'org.springframework.transaction.annotation.ProxyTransactionManagementConfiguration' of type [org.springframework.transaction.annotation.ProxyTransactionManagementConfiguration$$EnhancerBySpringCGLIB$$6ed9fda7] is not eligible for getting processed by all BeanPostProcessors (for example: not eligible for auto-proxying)
2019-10-27 20:59:10.168 INFO [main]o.s.scheduling.concurrent.ThreadPoolTaskExecutor.initialize:171 -Initializing ExecutorService 'applicationTaskExecutor'
2019-10-27 20:59:10.188 INFO [main]o.s.b.a.web.servlet.WelcomePageHandlerMapping.<init>:54 -Adding welcome page: class path resource [public/index.html]
2019-10-27 20:59:10.229 WARN [main]org.thymeleaf.templatemode.TemplateMode.parse:150 -[THYMELEAF][main] Template Mode 'HTML5' is deprecated. Using Template Mode 'HTML' instead.
2019-10-27 20:59:10.428 INFO [main]o.s.boot.test.mock.web.SpringBootMockServletContext.log:444 -Initializing Spring TestDispatcherServlet ''
2019-10-27 20:59:10.428 INFO [main]o.springframework.test.web.servlet.TestDispatcherServlet.initServletBean:524 -Initializing Servlet ''
2019-10-27 20:59:10.438 INFO [main]o.springframework.test.web.servlet.TestDispatcherServlet.initServletBean:546 -Completed initialization in 10 ms
2019-10-27 20:59:10.450 INFO [main]com.wl.foodspringboot.RequestMockMvcTest.logStarted:59 -Started RequestMockMvcTest in 0.84 seconds (JVM running for 4.613)
2019-10-27 20:59:10.511 INFO [main]o.s.boot.test.context.SpringBootTestContextBootstrapper.buildDefaultMergedContextConfiguration:308 -Neither @ContextConfiguration nor @ContextHierarchy found for test class [com.wl.foodspringboot.TestDemo], using SpringBootContextLoader
2019-10-27 20:59:10.512 INFO [main]o.s.test.context.support.AbstractContextLoader.generateDefaultLocations:264 -Could not detect default resource locations for test class [com.wl.foodspringboot.TestDemo]: no resource found for suffixes {-context.xml, Context.groovy}.
2019-10-27 20:59:10.515 INFO [main]o.s.boot.test.context.SpringBootTestContextBootstrapper.getDefaultTestExecutionListenerClassNames:248 -Loaded default TestExecutionListener class names from location [META-INF/spring.factories]: [org.springframework.boot.test.mock.mockito.MockitoTestExecutionListener, org.springframework.boot.test.mock.mockito.ResetMocksTestExecutionListener, org.springframework.boot.test.autoconfigure.restdocs.RestDocsTestExecutionListener, org.springframework.boot.test.autoconfigure.web.client.MockRestServiceServerResetTestExecutionListener, org.springframework.boot.test.autoconfigure.web.servlet.MockMvcPrintOnlyOnFailureTestExecutionListener, org.springframework.boot.test.autoconfigure.web.servlet.WebDriverTestExecutionListener, org.springframework.test.context.web.ServletTestExecutionListener, org.springframework.test.context.support.DirtiesContextBeforeModesTestExecutionListener, org.springframework.test.context.support.DependencyInjectionTestExecutionListener, org.springframework.test.context.support.DirtiesContextTestExecutionListener, org.springframework.test.context.transaction.TransactionalTestExecutionListener, org.springframework.test.context.jdbc.SqlScriptsTestExecutionListener]
2019-10-27 20:59:10.516 INFO [main]o.s.boot.test.context.SpringBootTestContextBootstrapper.getTestExecutionListeners:177 -Using TestExecutionListeners: [org.springframework.test.context.web.ServletTestExecutionListener@2bd8f7db, org.springframework.test.context.support.DirtiesContextBeforeModesTestExecutionListener@6d7ad0f5, org.springframework.boot.test.mock.mockito.MockitoTestExecutionListener@30abf79c, org.springframework.boot.test.autoconfigure.SpringBootDependencyInjectionTestExecutionListener@49a38b1, org.springframework.test.context.support.DirtiesContextTestExecutionListener@681061d6, org.springframework.test.context.transaction.TransactionalTestExecutionListener@53d6e959, org.springframework.test.context.jdbc.SqlScriptsTestExecutionListener@3caee3a8, org.springframework.boot.test.mock.mockito.ResetMocksTestExecutionListener@69a40b3c, org.springframework.boot.test.autoconfigure.restdocs.RestDocsTestExecutionListener@251c90f, org.springframework.boot.test.autoconfigure.web.client.MockRestServiceServerResetTestExecutionListener@6629643d, org.springframework.boot.test.autoconfigure.web.servlet.MockMvcPrintOnlyOnFailureTestExecutionListener@2dd178f3, org.springframework.boot.test.autoconfigure.web.servlet.WebDriverTestExecutionListener@64656b9e]
2019-10-27 20:59:10.539 INFO [main]com.wl.foodspringboot.TestDemo.logStarting:50 -Starting TestDemo on DESKTOP-814O8JJ with PID 10652 (started by WL in E:\Learn\IdeaProjects\FoodSpringBoot)
2019-10-27 20:59:10.539 INFO [main]com.wl.foodspringboot.TestDemo.logStartupProfileInfo:647 -No active profile set, falling back to default profiles: default
2019-10-27 20:59:10.664 INFO [main]o.s.d.repository.config.RepositoryConfigurationDelegate.multipleStoresDetected:244 -Multiple Spring Data modules found, entering strict repository configuration mode!
2019-10-27 20:59:10.665 INFO [main]o.s.d.repository.config.RepositoryConfigurationDelegate.registerRepositoriesIn:126 -Bootstrapping Spring Data repositories in DEFAULT mode.
2019-10-27 20:59:10.669 INFO [main]o.s.d.repository.config.RepositoryConfigurationDelegate.registerRepositoriesIn:182 -Finished Spring Data repository scanning in 4ms. Found 0 repository interfaces.
2019-10-27 20:59:10.724 INFO [main]o.s.c.s.PostProcessorRegistrationDelegate$BeanPostProcessorChecker.postProcessAfterInitialization:330 -Bean 'org.springframework.transaction.annotation.ProxyTransactionManagementConfiguration' of type [org.springframework.transaction.annotation.ProxyTransactionManagementConfiguration$$EnhancerBySpringCGLIB$$6ed9fda7] is not eligible for getting processed by all BeanPostProcessors (for example: not eligible for auto-proxying)
2019-10-27 20:59:11.039 INFO [main]o.s.scheduling.concurrent.ThreadPoolTaskExecutor.initialize:171 -Initializing ExecutorService 'applicationTaskExecutor'
2019-10-27 20:59:11.063 INFO [main]o.s.b.a.web.servlet.WelcomePageHandlerMapping.<init>:54 -Adding welcome page: class path resource [public/index.html]
2019-10-27 20:59:11.109 WARN [main]org.thymeleaf.templatemode.TemplateMode.parse:150 -[THYMELEAF][main] Template Mode 'HTML5' is deprecated. Using Template Mode 'HTML' instead.
2019-10-27 20:59:11.277 INFO [main]com.wl.foodspringboot.TestDemo.logStarted:59 -Started TestDemo in 0.759 seconds (JVM running for 5.439)
2019-10-27 20:59:11.407 INFO [Thread-6]o.s.scheduling.concurrent.ThreadPoolTaskExecutor.shutdown:208 -Shutting down ExecutorService 'applicationTaskExecutor'
2019-10-27 20:59:11.408 INFO [Thread-8]o.s.scheduling.concurrent.ThreadPoolTaskExecutor.shutdown:208 -Shutting down ExecutorService 'applicationTaskExecutor'
2019-10-27 20:59:11.407 INFO [Thread-3]o.s.scheduling.concurrent.ThreadPoolTaskExecutor.shutdown:208 -Shutting down ExecutorService 'applicationTaskExecutor'
