2019-12-16 16:53:15.373 INFO [restartedMain]com.wl.foodspringboot.FoodSpringBootApplication.logStarting:50 -Starting FoodSpringBootApplication on DESKTOP-814O8JJ with PID 6812 (E:\Learn\IdeaProjects\FoodSpringBoot\target\classes started by WL in E:\Learn\IdeaProjects\FoodSpringBoot)
2019-12-16 16:53:15.373 INFO [restartedMain]com.wl.foodspringboot.FoodSpringBootApplication.logStartupProfileInfo:647 -No active profile set, falling back to default profiles: default
2019-12-16 16:53:15.420 INFO [restartedMain]o.s.b.devtools.env.DevToolsPropertyDefaultsPostProcessor.logTo:225 -Devtools property defaults active! Set 'spring.devtools.add-properties' to 'false' to disable
2019-12-16 16:53:15.420 INFO [restartedMain]o.s.b.devtools.env.DevToolsPropertyDefaultsPostProcessor.logTo:225 -For additional web related logging consider setting the 'logging.level.web' property to 'DEBUG'
2019-12-16 16:53:17.020 INFO [restartedMain]o.s.d.repository.config.RepositoryConfigurationDelegate.multipleStoresDetected:244 -Multiple Spring Data modules found, entering strict repository configuration mode!
2019-12-16 16:53:17.020 INFO [restartedMain]o.s.d.repository.config.RepositoryConfigurationDelegate.registerRepositoriesIn:126 -Bootstrapping Spring Data repositories in DEFAULT mode.
2019-12-16 16:53:17.066 INFO [restartedMain]o.s.d.repository.config.RepositoryConfigurationDelegate.registerRepositoriesIn:182 -Finished Spring Data repository scanning in 15ms. Found 0 repository interfaces.
2019-12-16 16:53:17.553 INFO [restartedMain]o.s.c.s.PostProcessorRegistrationDelegate$BeanPostProcessorChecker.postProcessAfterInitialization:330 -Bean 'org.springframework.transaction.annotation.ProxyTransactionManagementConfiguration' of type [org.springframework.transaction.annotation.ProxyTransactionManagementConfiguration$$EnhancerBySpringCGLIB$$ff376c4d] is not eligible for getting processed by all BeanPostProcessors (for example: not eligible for auto-proxying)
2019-12-16 16:53:18.362 INFO [restartedMain]o.s.boot.web.embedded.tomcat.TomcatWebServer.initialize:90 -Tomcat initialized with port(s): 8080 (http)
2019-12-16 16:53:18.378 INFO [restartedMain]org.apache.coyote.http11.Http11NioProtocol.log:173 -Initializing ProtocolHandler ["http-nio-8080"]
2019-12-16 16:53:18.393 INFO [restartedMain]org.apache.catalina.core.StandardService.log:173 -Starting service [Tomcat]
2019-12-16 16:53:18.393 INFO [restartedMain]org.apache.catalina.core.StandardEngine.log:173 -Starting Servlet engine: [Apache Tomcat/9.0.22]
2019-12-16 16:53:18.409 INFO [restartedMain]org.apache.catalina.core.AprLifecycleListener.log:173 -An older version [1.2.21] of the APR based Apache Tomcat Native library is installed, while Tomcat recommends a minimum version of [1.2.23]
2019-12-16 16:53:18.409 INFO [restartedMain]org.apache.catalina.core.AprLifecycleListener.log:173 -Loaded APR based Apache Tomcat Native library [1.2.21] using APR version [1.6.5].
2019-12-16 16:53:18.409 INFO [restartedMain]org.apache.catalina.core.AprLifecycleListener.log:173 -APR capabilities: IPv6 [true], sendfile [true], accept filters [false], random [true].
2019-12-16 16:53:18.409 INFO [restartedMain]org.apache.catalina.core.AprLifecycleListener.log:173 -APR/OpenSSL configuration: useAprConnector [false], useOpenSSL [true]
2019-12-16 16:53:18.471 INFO [restartedMain]org.apache.catalina.core.AprLifecycleListener.log:173 -OpenSSL successfully initialized [OpenSSL 1.1.1a  20 Nov 2018]
2019-12-16 16:53:18.566 INFO [restartedMain]o.a.c.c.C.[Tomcat].[localhost].[/foodspringboot].log:173 -Initializing Spring embedded WebApplicationContext
2019-12-16 16:53:18.566 INFO [restartedMain]org.springframework.web.context.ContextLoader.prepareWebApplicationContext:284 -Root WebApplicationContext: initialization completed in 3146 ms
2019-12-16 16:53:19.071 INFO [restartedMain]org.messaginghub.pooled.jms.JmsPoolConnectionFactory.setConnectionFactory:198 -Provided ConnectionFactory implementation is JMS 2.0+ capable.
2019-12-16 16:53:19.947 INFO [restartedMain]o.s.scheduling.concurrent.ThreadPoolTaskExecutor.initialize:171 -Initializing ExecutorService 'applicationTaskExecutor'
2019-12-16 16:53:20.040 INFO [restartedMain]o.s.b.a.web.servlet.WelcomePageHandlerMapping.<init>:54 -Adding welcome page: class path resource [public/index.html]
2019-12-16 16:53:20.073 WARN [restartedMain]org.thymeleaf.templatemode.TemplateMode.parse:150 -[THYMELEAF][restartedMain] Template Mode 'HTML5' is deprecated. Using Template Mode 'HTML' instead.
2019-12-16 16:53:20.639 INFO [restartedMain]o.s.boot.devtools.autoconfigure.OptionalLiveReloadServer.startServer:57 -LiveReload server is running on port 35729
2019-12-16 16:54:57.483 INFO [restartedMain]com.wl.foodspringboot.FoodSpringBootApplication.logStarting:50 -Starting FoodSpringBootApplication on DESKTOP-814O8JJ with PID 5260 (E:\Learn\IdeaProjects\FoodSpringBoot\target\classes started by WL in E:\Learn\IdeaProjects\FoodSpringBoot)
2019-12-16 16:54:57.483 INFO [restartedMain]com.wl.foodspringboot.FoodSpringBootApplication.logStartupProfileInfo:647 -No active profile set, falling back to default profiles: default
2019-12-16 16:54:57.514 INFO [restartedMain]o.s.b.devtools.env.DevToolsPropertyDefaultsPostProcessor.logTo:225 -Devtools property defaults active! Set 'spring.devtools.add-properties' to 'false' to disable
2019-12-16 16:54:57.514 INFO [restartedMain]o.s.b.devtools.env.DevToolsPropertyDefaultsPostProcessor.logTo:225 -For additional web related logging consider setting the 'logging.level.web' property to 'DEBUG'
2019-12-16 16:54:58.047 INFO [restartedMain]o.s.d.repository.config.RepositoryConfigurationDelegate.multipleStoresDetected:244 -Multiple Spring Data modules found, entering strict repository configuration mode!
2019-12-16 16:54:58.047 INFO [restartedMain]o.s.d.repository.config.RepositoryConfigurationDelegate.registerRepositoriesIn:126 -Bootstrapping Spring Data repositories in DEFAULT mode.
2019-12-16 16:54:58.062 INFO [restartedMain]o.s.d.repository.config.RepositoryConfigurationDelegate.registerRepositoriesIn:182 -Finished Spring Data repository scanning in 0ms. Found 0 repository interfaces.
2019-12-16 16:54:58.298 INFO [restartedMain]o.s.c.s.PostProcessorRegistrationDelegate$BeanPostProcessorChecker.postProcessAfterInitialization:330 -Bean 'org.springframework.transaction.annotation.ProxyTransactionManagementConfiguration' of type [org.springframework.transaction.annotation.ProxyTransactionManagementConfiguration$$EnhancerBySpringCGLIB$$80f1a226] is not eligible for getting processed by all BeanPostProcessors (for example: not eligible for auto-proxying)
2019-12-16 16:54:58.532 INFO [restartedMain]o.s.boot.web.embedded.tomcat.TomcatWebServer.initialize:90 -Tomcat initialized with port(s): 8080 (http)
2019-12-16 16:54:58.532 INFO [restartedMain]org.apache.coyote.http11.Http11NioProtocol.log:173 -Initializing ProtocolHandler ["http-nio-8080"]
2019-12-16 16:54:58.548 INFO [restartedMain]org.apache.catalina.core.StandardService.log:173 -Starting service [Tomcat]
2019-12-16 16:54:58.548 INFO [restartedMain]org.apache.catalina.core.StandardEngine.log:173 -Starting Servlet engine: [Apache Tomcat/9.0.22]
2019-12-16 16:54:58.548 INFO [restartedMain]org.apache.catalina.core.AprLifecycleListener.log:173 -An older version [1.2.21] of the APR based Apache Tomcat Native library is installed, while Tomcat recommends a minimum version of [1.2.23]
2019-12-16 16:54:58.548 INFO [restartedMain]org.apache.catalina.core.AprLifecycleListener.log:173 -Loaded APR based Apache Tomcat Native library [1.2.21] using APR version [1.6.5].
2019-12-16 16:54:58.548 INFO [restartedMain]org.apache.catalina.core.AprLifecycleListener.log:173 -APR capabilities: IPv6 [true], sendfile [true], accept filters [false], random [true].
2019-12-16 16:54:58.548 INFO [restartedMain]org.apache.catalina.core.AprLifecycleListener.log:173 -APR/OpenSSL configuration: useAprConnector [false], useOpenSSL [true]
2019-12-16 16:54:58.548 INFO [restartedMain]org.apache.catalina.core.AprLifecycleListener.log:173 -OpenSSL successfully initialized [OpenSSL 1.1.1a  20 Nov 2018]
2019-12-16 16:54:58.626 INFO [restartedMain]o.a.c.c.C.[Tomcat].[localhost].[/foodspringboot].log:173 -Initializing Spring embedded WebApplicationContext
2019-12-16 16:54:58.626 INFO [restartedMain]org.springframework.web.context.ContextLoader.prepareWebApplicationContext:284 -Root WebApplicationContext: initialization completed in 1112 ms
2019-12-16 16:54:58.845 INFO [restartedMain]org.messaginghub.pooled.jms.JmsPoolConnectionFactory.setConnectionFactory:198 -Provided ConnectionFactory implementation is JMS 2.0+ capable.
2019-12-16 16:54:59.173 INFO [restartedMain]o.s.scheduling.concurrent.ThreadPoolTaskExecutor.initialize:171 -Initializing ExecutorService 'applicationTaskExecutor'
2019-12-16 16:54:59.219 INFO [restartedMain]o.s.b.a.web.servlet.WelcomePageHandlerMapping.<init>:54 -Adding welcome page: class path resource [public/index.html]
2019-12-16 16:54:59.251 WARN [restartedMain]org.thymeleaf.templatemode.TemplateMode.parse:150 -[THYMELEAF][restartedMain] Template Mode 'HTML5' is deprecated. Using Template Mode 'HTML' instead.
2019-12-16 16:54:59.439 INFO [restartedMain]o.s.boot.devtools.autoconfigure.OptionalLiveReloadServer.startServer:57 -LiveReload server is running on port 35729
2019-12-16 16:58:54.711 INFO [restartedMain]com.wl.foodspringboot.FoodSpringBootApplication.logStarting:50 -Starting FoodSpringBootApplication on DESKTOP-814O8JJ with PID 7900 (E:\Learn\IdeaProjects\FoodSpringBoot\target\classes started by WL in E:\Learn\IdeaProjects\FoodSpringBoot)
2019-12-16 16:58:54.714 INFO [restartedMain]com.wl.foodspringboot.FoodSpringBootApplication.logStartupProfileInfo:647 -No active profile set, falling back to default profiles: default
2019-12-16 16:58:54.748 INFO [restartedMain]o.s.b.devtools.env.DevToolsPropertyDefaultsPostProcessor.logTo:225 -Devtools property defaults active! Set 'spring.devtools.add-properties' to 'false' to disable
2019-12-16 16:58:54.748 INFO [restartedMain]o.s.b.devtools.env.DevToolsPropertyDefaultsPostProcessor.logTo:225 -For additional web related logging consider setting the 'logging.level.web' property to 'DEBUG'
2019-12-16 16:58:55.264 INFO [restartedMain]o.s.d.repository.config.RepositoryConfigurationDelegate.multipleStoresDetected:244 -Multiple Spring Data modules found, entering strict repository configuration mode!
2019-12-16 16:58:55.264 INFO [restartedMain]o.s.d.repository.config.RepositoryConfigurationDelegate.registerRepositoriesIn:126 -Bootstrapping Spring Data repositories in DEFAULT mode.
2019-12-16 16:58:55.280 INFO [restartedMain]o.s.d.repository.config.RepositoryConfigurationDelegate.registerRepositoriesIn:182 -Finished Spring Data repository scanning in 0ms. Found 0 repository interfaces.
2019-12-16 16:58:55.514 INFO [restartedMain]o.s.c.s.PostProcessorRegistrationDelegate$BeanPostProcessorChecker.postProcessAfterInitialization:330 -Bean 'org.springframework.transaction.annotation.ProxyTransactionManagementConfiguration' of type [org.springframework.transaction.annotation.ProxyTransactionManagementConfiguration$$EnhancerBySpringCGLIB$$4a220367] is not eligible for getting processed by all BeanPostProcessors (for example: not eligible for auto-proxying)
2019-12-16 16:58:55.733 INFO [restartedMain]o.s.boot.web.embedded.tomcat.TomcatWebServer.initialize:90 -Tomcat initialized with port(s): 8080 (http)
2019-12-16 16:58:55.733 INFO [restartedMain]org.apache.coyote.http11.Http11NioProtocol.log:173 -Initializing ProtocolHandler ["http-nio-8080"]
2019-12-16 16:58:55.748 INFO [restartedMain]org.apache.catalina.core.StandardService.log:173 -Starting service [Tomcat]
2019-12-16 16:58:55.748 INFO [restartedMain]org.apache.catalina.core.StandardEngine.log:173 -Starting Servlet engine: [Apache Tomcat/9.0.22]
2019-12-16 16:58:55.749 INFO [restartedMain]org.apache.catalina.core.AprLifecycleListener.log:173 -An older version [1.2.21] of the APR based Apache Tomcat Native library is installed, while Tomcat recommends a minimum version of [1.2.23]
2019-12-16 16:58:55.749 INFO [restartedMain]org.apache.catalina.core.AprLifecycleListener.log:173 -Loaded APR based Apache Tomcat Native library [1.2.21] using APR version [1.6.5].
2019-12-16 16:58:55.749 INFO [restartedMain]org.apache.catalina.core.AprLifecycleListener.log:173 -APR capabilities: IPv6 [true], sendfile [true], accept filters [false], random [true].
2019-12-16 16:58:55.749 INFO [restartedMain]org.apache.catalina.core.AprLifecycleListener.log:173 -APR/OpenSSL configuration: useAprConnector [false], useOpenSSL [true]
2019-12-16 16:58:55.749 INFO [restartedMain]org.apache.catalina.core.AprLifecycleListener.log:173 -OpenSSL successfully initialized [OpenSSL 1.1.1a  20 Nov 2018]
2019-12-16 16:58:55.828 INFO [restartedMain]o.a.c.c.C.[Tomcat].[localhost].[/foodspringboot].log:173 -Initializing Spring embedded WebApplicationContext
2019-12-16 16:58:55.828 INFO [restartedMain]org.springframework.web.context.ContextLoader.prepareWebApplicationContext:284 -Root WebApplicationContext: initialization completed in 1080 ms
2019-12-16 16:58:56.047 INFO [restartedMain]org.messaginghub.pooled.jms.JmsPoolConnectionFactory.setConnectionFactory:198 -Provided ConnectionFactory implementation is JMS 2.0+ capable.
2019-12-16 16:58:56.360 INFO [restartedMain]o.s.scheduling.concurrent.ThreadPoolTaskExecutor.initialize:171 -Initializing ExecutorService 'applicationTaskExecutor'
2019-12-16 16:58:56.391 INFO [restartedMain]o.s.b.a.web.servlet.WelcomePageHandlerMapping.<init>:54 -Adding welcome page: class path resource [public/index.html]
2019-12-16 16:58:56.422 WARN [restartedMain]org.thymeleaf.templatemode.TemplateMode.parse:150 -[THYMELEAF][restartedMain] Template Mode 'HTML5' is deprecated. Using Template Mode 'HTML' instead.
2019-12-16 16:58:56.579 INFO [restartedMain]o.s.boot.devtools.autoconfigure.OptionalLiveReloadServer.startServer:57 -LiveReload server is running on port 35729
2019-12-16 17:00:41.965 INFO [restartedMain]org.apache.coyote.http11.Http11NioProtocol.log:173 -Starting ProtocolHandler ["http-nio-8080"]
2019-12-16 17:00:42.167 INFO [restartedMain]o.s.boot.web.embedded.tomcat.TomcatWebServer.start:202 -Tomcat started on port(s): 8080 (http) with context path '/foodspringboot'
2019-12-16 17:00:42.172 INFO [restartedMain]com.wl.foodspringboot.FoodSpringBootApplication.logStarted:59 -Started FoodSpringBootApplication in 107.769 seconds (JVM running for 108.684)
2019-12-16 17:03:35.048 INFO [http-nio-8080-exec-1]o.a.c.c.C.[Tomcat].[localhost].[/foodspringboot].log:173 -Initializing Spring DispatcherServlet 'dispatcherServlet'
2019-12-16 17:03:35.048 INFO [http-nio-8080-exec-1]org.springframework.web.servlet.DispatcherServlet.initServletBean:524 -Initializing Servlet 'dispatcherServlet'
2019-12-16 17:03:35.054 INFO [http-nio-8080-exec-1]org.springframework.web.servlet.DispatcherServlet.initServletBean:546 -Completed initialization in 5 ms
2019-12-16 17:04:59.350 INFO [restartedMain]com.wl.foodspringboot.FoodSpringBootApplication.logStarting:50 -Starting FoodSpringBootApplication on DESKTOP-814O8JJ with PID 11192 (E:\Learn\IdeaProjects\FoodSpringBoot\target\classes started by WL in E:\Learn\IdeaProjects\FoodSpringBoot)
2019-12-16 17:04:59.350 INFO [restartedMain]com.wl.foodspringboot.FoodSpringBootApplication.logStartupProfileInfo:647 -No active profile set, falling back to default profiles: default
2019-12-16 17:04:59.397 INFO [restartedMain]o.s.b.devtools.env.DevToolsPropertyDefaultsPostProcessor.logTo:225 -Devtools property defaults active! Set 'spring.devtools.add-properties' to 'false' to disable
2019-12-16 17:04:59.397 INFO [restartedMain]o.s.b.devtools.env.DevToolsPropertyDefaultsPostProcessor.logTo:225 -For additional web related logging consider setting the 'logging.level.web' property to 'DEBUG'
2019-12-16 17:04:59.931 INFO [restartedMain]o.s.d.repository.config.RepositoryConfigurationDelegate.multipleStoresDetected:244 -Multiple Spring Data modules found, entering strict repository configuration mode!
2019-12-16 17:04:59.931 INFO [restartedMain]o.s.d.repository.config.RepositoryConfigurationDelegate.registerRepositoriesIn:126 -Bootstrapping Spring Data repositories in DEFAULT mode.
2019-12-16 17:04:59.946 INFO [restartedMain]o.s.d.repository.config.RepositoryConfigurationDelegate.registerRepositoriesIn:182 -Finished Spring Data repository scanning in 0ms. Found 0 repository interfaces.
2019-12-16 17:05:00.180 INFO [restartedMain]o.s.c.s.PostProcessorRegistrationDelegate$BeanPostProcessorChecker.postProcessAfterInitialization:330 -Bean 'org.springframework.transaction.annotation.ProxyTransactionManagementConfiguration' of type [org.springframework.transaction.annotation.ProxyTransactionManagementConfiguration$$EnhancerBySpringCGLIB$$5291a516] is not eligible for getting processed by all BeanPostProcessors (for example: not eligible for auto-proxying)
2019-12-16 17:05:00.415 INFO [restartedMain]o.s.boot.web.embedded.tomcat.TomcatWebServer.initialize:90 -Tomcat initialized with port(s): 8080 (http)
2019-12-16 17:05:00.415 INFO [restartedMain]org.apache.coyote.http11.Http11NioProtocol.log:173 -Initializing ProtocolHandler ["http-nio-8080"]
2019-12-16 17:05:00.430 INFO [restartedMain]org.apache.catalina.core.StandardService.log:173 -Starting service [Tomcat]
2019-12-16 17:05:00.430 INFO [restartedMain]org.apache.catalina.core.StandardEngine.log:173 -Starting Servlet engine: [Apache Tomcat/9.0.22]
2019-12-16 17:05:00.430 INFO [restartedMain]org.apache.catalina.core.AprLifecycleListener.log:173 -An older version [1.2.21] of the APR based Apache Tomcat Native library is installed, while Tomcat recommends a minimum version of [1.2.23]
2019-12-16 17:05:00.430 INFO [restartedMain]org.apache.catalina.core.AprLifecycleListener.log:173 -Loaded APR based Apache Tomcat Native library [1.2.21] using APR version [1.6.5].
2019-12-16 17:05:00.430 INFO [restartedMain]org.apache.catalina.core.AprLifecycleListener.log:173 -APR capabilities: IPv6 [true], sendfile [true], accept filters [false], random [true].
2019-12-16 17:05:00.430 INFO [restartedMain]org.apache.catalina.core.AprLifecycleListener.log:173 -APR/OpenSSL configuration: useAprConnector [false], useOpenSSL [true]
2019-12-16 17:05:00.430 INFO [restartedMain]org.apache.catalina.core.AprLifecycleListener.log:173 -OpenSSL successfully initialized [OpenSSL 1.1.1a  20 Nov 2018]
2019-12-16 17:05:00.509 INFO [restartedMain]o.a.c.c.C.[Tomcat].[localhost].[/foodspringboot].log:173 -Initializing Spring embedded WebApplicationContext
2019-12-16 17:05:00.509 INFO [restartedMain]org.springframework.web.context.ContextLoader.prepareWebApplicationContext:284 -Root WebApplicationContext: initialization completed in 1112 ms
2019-12-16 17:05:00.743 INFO [restartedMain]org.messaginghub.pooled.jms.JmsPoolConnectionFactory.setConnectionFactory:198 -Provided ConnectionFactory implementation is JMS 2.0+ capable.
2019-12-16 17:05:01.055 INFO [restartedMain]o.s.scheduling.concurrent.ThreadPoolTaskExecutor.initialize:171 -Initializing ExecutorService 'applicationTaskExecutor'
2019-12-16 17:05:01.104 INFO [restartedMain]o.s.b.a.web.servlet.WelcomePageHandlerMapping.<init>:54 -Adding welcome page: class path resource [public/index.html]
2019-12-16 17:05:01.119 WARN [restartedMain]org.thymeleaf.templatemode.TemplateMode.parse:150 -[THYMELEAF][restartedMain] Template Mode 'HTML5' is deprecated. Using Template Mode 'HTML' instead.
2019-12-16 17:05:01.277 INFO [restartedMain]o.s.boot.devtools.autoconfigure.OptionalLiveReloadServer.startServer:57 -LiveReload server is running on port 35729
2019-12-16 17:05:06.701 INFO [restartedMain]com.wl.foodspringboot.FoodSpringBootApplication.logStarting:50 -Starting FoodSpringBootApplication on DESKTOP-814O8JJ with PID 32 (E:\Learn\IdeaProjects\FoodSpringBoot\target\classes started by WL in E:\Learn\IdeaProjects\FoodSpringBoot)
2019-12-16 17:05:06.701 INFO [restartedMain]com.wl.foodspringboot.FoodSpringBootApplication.logStartupProfileInfo:647 -No active profile set, falling back to default profiles: default
2019-12-16 17:05:06.750 INFO [restartedMain]o.s.b.devtools.env.DevToolsPropertyDefaultsPostProcessor.logTo:225 -Devtools property defaults active! Set 'spring.devtools.add-properties' to 'false' to disable
2019-12-16 17:05:06.750 INFO [restartedMain]o.s.b.devtools.env.DevToolsPropertyDefaultsPostProcessor.logTo:225 -For additional web related logging consider setting the 'logging.level.web' property to 'DEBUG'
2019-12-16 17:05:07.393 INFO [restartedMain]o.s.d.repository.config.RepositoryConfigurationDelegate.multipleStoresDetected:244 -Multiple Spring Data modules found, entering strict repository configuration mode!
2019-12-16 17:05:07.393 INFO [restartedMain]o.s.d.repository.config.RepositoryConfigurationDelegate.registerRepositoriesIn:126 -Bootstrapping Spring Data repositories in DEFAULT mode.
2019-12-16 17:05:07.408 INFO [restartedMain]o.s.d.repository.config.RepositoryConfigurationDelegate.registerRepositoriesIn:182 -Finished Spring Data repository scanning in 0ms. Found 0 repository interfaces.
2019-12-16 17:05:07.690 INFO [restartedMain]o.s.c.s.PostProcessorRegistrationDelegate$BeanPostProcessorChecker.postProcessAfterInitialization:330 -Bean 'org.springframework.transaction.annotation.ProxyTransactionManagementConfiguration' of type [org.springframework.transaction.annotation.ProxyTransactionManagementConfiguration$$EnhancerBySpringCGLIB$$81a4f0a9] is not eligible for getting processed by all BeanPostProcessors (for example: not eligible for auto-proxying)
2019-12-16 17:05:07.925 INFO [restartedMain]o.s.boot.web.embedded.tomcat.TomcatWebServer.initialize:90 -Tomcat initialized with port(s): 8080 (http)
2019-12-16 17:05:07.941 INFO [restartedMain]org.apache.coyote.http11.Http11NioProtocol.log:173 -Initializing ProtocolHandler ["http-nio-8080"]
2019-12-16 17:05:07.941 INFO [restartedMain]org.apache.catalina.core.StandardService.log:173 -Starting service [Tomcat]
2019-12-16 17:05:07.941 INFO [restartedMain]org.apache.catalina.core.StandardEngine.log:173 -Starting Servlet engine: [Apache Tomcat/9.0.22]
2019-12-16 17:05:07.956 INFO [restartedMain]org.apache.catalina.core.AprLifecycleListener.log:173 -An older version [1.2.21] of the APR based Apache Tomcat Native library is installed, while Tomcat recommends a minimum version of [1.2.23]
2019-12-16 17:05:07.956 INFO [restartedMain]org.apache.catalina.core.AprLifecycleListener.log:173 -Loaded APR based Apache Tomcat Native library [1.2.21] using APR version [1.6.5].
2019-12-16 17:05:07.956 INFO [restartedMain]org.apache.catalina.core.AprLifecycleListener.log:173 -APR capabilities: IPv6 [true], sendfile [true], accept filters [false], random [true].
2019-12-16 17:05:07.956 INFO [restartedMain]org.apache.catalina.core.AprLifecycleListener.log:173 -APR/OpenSSL configuration: useAprConnector [false], useOpenSSL [true]
2019-12-16 17:05:07.956 INFO [restartedMain]org.apache.catalina.core.AprLifecycleListener.log:173 -OpenSSL successfully initialized [OpenSSL 1.1.1a  20 Nov 2018]
2019-12-16 17:05:08.050 INFO [restartedMain]o.a.c.c.C.[Tomcat].[localhost].[/foodspringboot].log:173 -Initializing Spring embedded WebApplicationContext
2019-12-16 17:05:08.050 INFO [restartedMain]org.springframework.web.context.ContextLoader.prepareWebApplicationContext:284 -Root WebApplicationContext: initialization completed in 1300 ms
2019-12-16 17:05:08.332 INFO [restartedMain]org.messaginghub.pooled.jms.JmsPoolConnectionFactory.setConnectionFactory:198 -Provided ConnectionFactory implementation is JMS 2.0+ capable.
2019-12-16 17:05:08.707 INFO [restartedMain]o.s.scheduling.concurrent.ThreadPoolTaskExecutor.initialize:171 -Initializing ExecutorService 'applicationTaskExecutor'
2019-12-16 17:05:08.754 INFO [restartedMain]o.s.b.a.web.servlet.WelcomePageHandlerMapping.<init>:54 -Adding welcome page: class path resource [public/index.html]
2019-12-16 17:05:08.785 WARN [restartedMain]org.thymeleaf.templatemode.TemplateMode.parse:150 -[THYMELEAF][restartedMain] Template Mode 'HTML5' is deprecated. Using Template Mode 'HTML' instead.
2019-12-16 17:05:08.973 INFO [restartedMain]o.s.boot.devtools.autoconfigure.OptionalLiveReloadServer.startServer:57 -LiveReload server is running on port 35729
2019-12-16 17:06:16.433 INFO [restartedMain]com.wl.foodspringboot.FoodSpringBootApplication.logStarting:50 -Starting FoodSpringBootApplication on DESKTOP-814O8JJ with PID 12344 (E:\Learn\IdeaProjects\FoodSpringBoot\target\classes started by WL in E:\Learn\IdeaProjects\FoodSpringBoot)
2019-12-16 17:06:16.433 INFO [restartedMain]com.wl.foodspringboot.FoodSpringBootApplication.logStartupProfileInfo:647 -No active profile set, falling back to default profiles: default
2019-12-16 17:06:16.464 INFO [restartedMain]o.s.b.devtools.env.DevToolsPropertyDefaultsPostProcessor.logTo:225 -Devtools property defaults active! Set 'spring.devtools.add-properties' to 'false' to disable
2019-12-16 17:06:16.464 INFO [restartedMain]o.s.b.devtools.env.DevToolsPropertyDefaultsPostProcessor.logTo:225 -For additional web related logging consider setting the 'logging.level.web' property to 'DEBUG'
2019-12-16 17:06:16.995 INFO [restartedMain]o.s.d.repository.config.RepositoryConfigurationDelegate.multipleStoresDetected:244 -Multiple Spring Data modules found, entering strict repository configuration mode!
2019-12-16 17:06:16.995 INFO [restartedMain]o.s.d.repository.config.RepositoryConfigurationDelegate.registerRepositoriesIn:126 -Bootstrapping Spring Data repositories in DEFAULT mode.
2019-12-16 17:06:17.011 INFO [restartedMain]o.s.d.repository.config.RepositoryConfigurationDelegate.registerRepositoriesIn:182 -Finished Spring Data repository scanning in 16ms. Found 0 repository interfaces.
2019-12-16 17:06:17.229 INFO [restartedMain]o.s.c.s.PostProcessorRegistrationDelegate$BeanPostProcessorChecker.postProcessAfterInitialization:330 -Bean 'org.springframework.transaction.annotation.ProxyTransactionManagementConfiguration' of type [org.springframework.transaction.annotation.ProxyTransactionManagementConfiguration$$EnhancerBySpringCGLIB$$8d69a5b1] is not eligible for getting processed by all BeanPostProcessors (for example: not eligible for auto-proxying)
2019-12-16 17:06:17.465 INFO [restartedMain]o.s.boot.web.embedded.tomcat.TomcatWebServer.initialize:90 -Tomcat initialized with port(s): 8080 (http)
2019-12-16 17:06:17.465 INFO [restartedMain]org.apache.coyote.http11.Http11NioProtocol.log:173 -Initializing ProtocolHandler ["http-nio-8080"]
2019-12-16 17:06:17.481 INFO [restartedMain]org.apache.catalina.core.StandardService.log:173 -Starting service [Tomcat]
2019-12-16 17:06:17.481 INFO [restartedMain]org.apache.catalina.core.StandardEngine.log:173 -Starting Servlet engine: [Apache Tomcat/9.0.22]
2019-12-16 17:06:17.481 INFO [restartedMain]org.apache.catalina.core.AprLifecycleListener.log:173 -An older version [1.2.21] of the APR based Apache Tomcat Native library is installed, while Tomcat recommends a minimum version of [1.2.23]
2019-12-16 17:06:17.481 INFO [restartedMain]org.apache.catalina.core.AprLifecycleListener.log:173 -Loaded APR based Apache Tomcat Native library [1.2.21] using APR version [1.6.5].
2019-12-16 17:06:17.481 INFO [restartedMain]org.apache.catalina.core.AprLifecycleListener.log:173 -APR capabilities: IPv6 [true], sendfile [true], accept filters [false], random [true].
2019-12-16 17:06:17.481 INFO [restartedMain]org.apache.catalina.core.AprLifecycleListener.log:173 -APR/OpenSSL configuration: useAprConnector [false], useOpenSSL [true]
2019-12-16 17:06:17.481 INFO [restartedMain]org.apache.catalina.core.AprLifecycleListener.log:173 -OpenSSL successfully initialized [OpenSSL 1.1.1a  20 Nov 2018]
2019-12-16 17:06:17.574 INFO [restartedMain]o.a.c.c.C.[Tomcat].[localhost].[/foodspringboot].log:173 -Initializing Spring embedded WebApplicationContext
2019-12-16 17:06:17.574 INFO [restartedMain]org.springframework.web.context.ContextLoader.prepareWebApplicationContext:284 -Root WebApplicationContext: initialization completed in 1110 ms
2019-12-16 17:06:17.810 INFO [restartedMain]org.messaginghub.pooled.jms.JmsPoolConnectionFactory.setConnectionFactory:198 -Provided ConnectionFactory implementation is JMS 2.0+ capable.
2019-12-16 17:06:18.122 INFO [restartedMain]o.s.scheduling.concurrent.ThreadPoolTaskExecutor.initialize:171 -Initializing ExecutorService 'applicationTaskExecutor'
2019-12-16 17:06:18.169 INFO [restartedMain]o.s.b.a.web.servlet.WelcomePageHandlerMapping.<init>:54 -Adding welcome page: class path resource [public/index.html]
2019-12-16 17:06:18.200 WARN [restartedMain]org.thymeleaf.templatemode.TemplateMode.parse:150 -[THYMELEAF][restartedMain] Template Mode 'HTML5' is deprecated. Using Template Mode 'HTML' instead.
2019-12-16 17:06:18.388 INFO [restartedMain]o.s.boot.devtools.autoconfigure.OptionalLiveReloadServer.startServer:57 -LiveReload server is running on port 35729
2019-12-16 17:08:03.788 INFO [restartedMain]org.apache.coyote.http11.Http11NioProtocol.log:173 -Starting ProtocolHandler ["http-nio-8080"]
2019-12-16 17:08:03.834 INFO [restartedMain]o.s.boot.web.embedded.tomcat.TomcatWebServer.start:202 -Tomcat started on port(s): 8080 (http) with context path '/foodspringboot'
2019-12-16 17:08:03.834 INFO [restartedMain]com.wl.foodspringboot.FoodSpringBootApplication.logStarted:59 -Started FoodSpringBootApplication in 107.684 seconds (JVM running for 108.586)
2019-12-16 18:09:29.143 INFO [http-nio-8080-exec-1]o.a.c.c.C.[Tomcat].[localhost].[/foodspringboot].log:173 -Initializing Spring DispatcherServlet 'dispatcherServlet'
2019-12-16 18:09:29.143 INFO [http-nio-8080-exec-1]org.springframework.web.servlet.DispatcherServlet.initServletBean:524 -Initializing Servlet 'dispatcherServlet'
2019-12-16 18:09:29.149 INFO [http-nio-8080-exec-1]org.springframework.web.servlet.DispatcherServlet.initServletBean:546 -Completed initialization in 5 ms
2019-12-16 18:10:25.306 INFO [restartedMain]com.wl.foodspringboot.FoodSpringBootApplication.logStarting:50 -Starting FoodSpringBootApplication on DESKTOP-814O8JJ with PID 12808 (E:\Learn\IdeaProjects\FoodSpringBoot\target\classes started by WL in E:\Learn\IdeaProjects\FoodSpringBoot)
2019-12-16 18:10:25.309 INFO [restartedMain]com.wl.foodspringboot.FoodSpringBootApplication.logStartupProfileInfo:647 -No active profile set, falling back to default profiles: default
2019-12-16 18:10:25.375 INFO [restartedMain]o.s.b.devtools.env.DevToolsPropertyDefaultsPostProcessor.logTo:225 -Devtools property defaults active! Set 'spring.devtools.add-properties' to 'false' to disable
2019-12-16 18:10:25.375 INFO [restartedMain]o.s.b.devtools.env.DevToolsPropertyDefaultsPostProcessor.logTo:225 -For additional web related logging consider setting the 'logging.level.web' property to 'DEBUG'
2019-12-16 18:10:26.211 INFO [restartedMain]o.s.d.repository.config.RepositoryConfigurationDelegate.multipleStoresDetected:244 -Multiple Spring Data modules found, entering strict repository configuration mode!
2019-12-16 18:10:26.214 INFO [restartedMain]o.s.d.repository.config.RepositoryConfigurationDelegate.registerRepositoriesIn:126 -Bootstrapping Spring Data repositories in DEFAULT mode.
2019-12-16 18:10:26.252 INFO [restartedMain]o.s.d.repository.config.RepositoryConfigurationDelegate.registerRepositoriesIn:182 -Finished Spring Data repository scanning in 8ms. Found 0 repository interfaces.
2019-12-16 18:10:36.480 INFO [restartedMain]com.wl.foodspringboot.FoodSpringBootApplication.logStarting:50 -Starting FoodSpringBootApplication on DESKTOP-814O8JJ with PID 11408 (E:\Learn\IdeaProjects\FoodSpringBoot\target\classes started by WL in E:\Learn\IdeaProjects\FoodSpringBoot)
2019-12-16 18:10:36.484 INFO [restartedMain]com.wl.foodspringboot.FoodSpringBootApplication.logStartupProfileInfo:647 -No active profile set, falling back to default profiles: default
2019-12-16 18:10:36.532 INFO [restartedMain]o.s.b.devtools.env.DevToolsPropertyDefaultsPostProcessor.logTo:225 -Devtools property defaults active! Set 'spring.devtools.add-properties' to 'false' to disable
2019-12-16 18:10:36.532 INFO [restartedMain]o.s.b.devtools.env.DevToolsPropertyDefaultsPostProcessor.logTo:225 -For additional web related logging consider setting the 'logging.level.web' property to 'DEBUG'
2019-12-16 18:10:37.134 INFO [restartedMain]o.s.d.repository.config.RepositoryConfigurationDelegate.multipleStoresDetected:244 -Multiple Spring Data modules found, entering strict repository configuration mode!
2019-12-16 18:10:37.135 INFO [restartedMain]o.s.d.repository.config.RepositoryConfigurationDelegate.registerRepositoriesIn:126 -Bootstrapping Spring Data repositories in DEFAULT mode.
2019-12-16 18:10:37.156 INFO [restartedMain]o.s.d.repository.config.RepositoryConfigurationDelegate.registerRepositoriesIn:182 -Finished Spring Data repository scanning in 10ms. Found 0 repository interfaces.
2019-12-16 18:10:37.454 INFO [restartedMain]o.s.c.s.PostProcessorRegistrationDelegate$BeanPostProcessorChecker.postProcessAfterInitialization:330 -Bean 'org.springframework.transaction.annotation.ProxyTransactionManagementConfiguration' of type [org.springframework.transaction.annotation.ProxyTransactionManagementConfiguration$$EnhancerBySpringCGLIB$$5c182396] is not eligible for getting processed by all BeanPostProcessors (for example: not eligible for auto-proxying)
2019-12-16 18:10:37.699 INFO [restartedMain]o.s.boot.web.embedded.tomcat.TomcatWebServer.initialize:90 -Tomcat initialized with port(s): 8080 (http)
2019-12-16 18:10:37.709 INFO [restartedMain]org.apache.coyote.http11.Http11NioProtocol.log:173 -Initializing ProtocolHandler ["http-nio-8080"]
2019-12-16 18:10:37.715 INFO [restartedMain]org.apache.catalina.core.StandardService.log:173 -Starting service [Tomcat]
2019-12-16 18:10:37.715 INFO [restartedMain]org.apache.catalina.core.StandardEngine.log:173 -Starting Servlet engine: [Apache Tomcat/9.0.22]
2019-12-16 18:10:37.720 INFO [restartedMain]org.apache.catalina.core.AprLifecycleListener.log:173 -An older version [1.2.21] of the APR based Apache Tomcat Native library is installed, while Tomcat recommends a minimum version of [1.2.23]
2019-12-16 18:10:37.720 INFO [restartedMain]org.apache.catalina.core.AprLifecycleListener.log:173 -Loaded APR based Apache Tomcat Native library [1.2.21] using APR version [1.6.5].
2019-12-16 18:10:37.721 INFO [restartedMain]org.apache.catalina.core.AprLifecycleListener.log:173 -APR capabilities: IPv6 [true], sendfile [true], accept filters [false], random [true].
2019-12-16 18:10:37.721 INFO [restartedMain]org.apache.catalina.core.AprLifecycleListener.log:173 -APR/OpenSSL configuration: useAprConnector [false], useOpenSSL [true]
2019-12-16 18:10:37.724 INFO [restartedMain]org.apache.catalina.core.AprLifecycleListener.log:173 -OpenSSL successfully initialized [OpenSSL 1.1.1a  20 Nov 2018]
2019-12-16 18:10:37.816 INFO [restartedMain]o.a.c.c.C.[Tomcat].[localhost].[/foodspringboot].log:173 -Initializing Spring embedded WebApplicationContext
2019-12-16 18:10:37.816 INFO [restartedMain]org.springframework.web.context.ContextLoader.prepareWebApplicationContext:284 -Root WebApplicationContext: initialization completed in 1284 ms
2019-12-16 18:10:38.083 INFO [restartedMain]org.messaginghub.pooled.jms.JmsPoolConnectionFactory.setConnectionFactory:198 -Provided ConnectionFactory implementation is JMS 2.0+ capable.
2019-12-16 18:10:38.510 INFO [restartedMain]o.s.scheduling.concurrent.ThreadPoolTaskExecutor.initialize:171 -Initializing ExecutorService 'applicationTaskExecutor'
2019-12-16 18:10:38.564 INFO [restartedMain]o.s.b.a.web.servlet.WelcomePageHandlerMapping.<init>:54 -Adding welcome page: class path resource [public/index.html]
2019-12-16 18:10:38.599 WARN [restartedMain]org.thymeleaf.templatemode.TemplateMode.parse:150 -[THYMELEAF][restartedMain] Template Mode 'HTML5' is deprecated. Using Template Mode 'HTML' instead.
2019-12-16 18:10:38.790 INFO [restartedMain]o.s.boot.devtools.autoconfigure.OptionalLiveReloadServer.startServer:57 -LiveReload server is running on port 35729
2019-12-16 18:12:24.087 INFO [restartedMain]org.apache.coyote.http11.Http11NioProtocol.log:173 -Starting ProtocolHandler ["http-nio-8080"]
2019-12-16 18:12:24.134 INFO [restartedMain]o.s.boot.web.embedded.tomcat.TomcatWebServer.start:202 -Tomcat started on port(s): 8080 (http) with context path '/foodspringboot'
2019-12-16 18:12:24.134 INFO [restartedMain]com.wl.foodspringboot.FoodSpringBootApplication.logStarted:59 -Started FoodSpringBootApplication in 108.004 seconds (JVM running for 108.984)
2019-12-16 18:12:52.685 INFO [http-nio-8080-exec-1]o.a.c.c.C.[Tomcat].[localhost].[/foodspringboot].log:173 -Initializing Spring DispatcherServlet 'dispatcherServlet'
2019-12-16 18:12:52.686 INFO [http-nio-8080-exec-1]org.springframework.web.servlet.DispatcherServlet.initServletBean:524 -Initializing Servlet 'dispatcherServlet'
2019-12-16 18:12:52.691 INFO [http-nio-8080-exec-1]org.springframework.web.servlet.DispatcherServlet.initServletBean:546 -Completed initialization in 5 ms
2019-12-16 18:14:12.977 INFO [restartedMain]com.wl.foodspringboot.FoodSpringBootApplication.logStarting:50 -Starting FoodSpringBootApplication on DESKTOP-814O8JJ with PID 5964 (E:\Learn\IdeaProjects\FoodSpringBoot\target\classes started by WL in E:\Learn\IdeaProjects\FoodSpringBoot)
2019-12-16 18:14:12.977 INFO [restartedMain]com.wl.foodspringboot.FoodSpringBootApplication.logStartupProfileInfo:647 -No active profile set, falling back to default profiles: default
2019-12-16 18:14:13.008 INFO [restartedMain]o.s.b.devtools.env.DevToolsPropertyDefaultsPostProcessor.logTo:225 -Devtools property defaults active! Set 'spring.devtools.add-properties' to 'false' to disable
2019-12-16 18:14:13.008 INFO [restartedMain]o.s.b.devtools.env.DevToolsPropertyDefaultsPostProcessor.logTo:225 -For additional web related logging consider setting the 'logging.level.web' property to 'DEBUG'
2019-12-16 18:14:13.542 INFO [restartedMain]o.s.d.repository.config.RepositoryConfigurationDelegate.multipleStoresDetected:244 -Multiple Spring Data modules found, entering strict repository configuration mode!
2019-12-16 18:14:13.542 INFO [restartedMain]o.s.d.repository.config.RepositoryConfigurationDelegate.registerRepositoriesIn:126 -Bootstrapping Spring Data repositories in DEFAULT mode.
2019-12-16 18:14:13.557 INFO [restartedMain]o.s.d.repository.config.RepositoryConfigurationDelegate.registerRepositoriesIn:182 -Finished Spring Data repository scanning in 0ms. Found 0 repository interfaces.
2019-12-16 18:14:13.792 INFO [restartedMain]o.s.c.s.PostProcessorRegistrationDelegate$BeanPostProcessorChecker.postProcessAfterInitialization:330 -Bean 'org.springframework.transaction.annotation.ProxyTransactionManagementConfiguration' of type [org.springframework.transaction.annotation.ProxyTransactionManagementConfiguration$$EnhancerBySpringCGLIB$$823d384c] is not eligible for getting processed by all BeanPostProcessors (for example: not eligible for auto-proxying)
2019-12-16 18:14:14.030 INFO [restartedMain]o.s.boot.web.embedded.tomcat.TomcatWebServer.initialize:90 -Tomcat initialized with port(s): 8080 (http)
2019-12-16 18:14:14.038 INFO [restartedMain]org.apache.coyote.http11.Http11NioProtocol.log:173 -Initializing ProtocolHandler ["http-nio-8080"]
2019-12-16 18:14:14.044 INFO [restartedMain]org.apache.catalina.core.StandardService.log:173 -Starting service [Tomcat]
2019-12-16 18:14:14.044 INFO [restartedMain]org.apache.catalina.core.StandardEngine.log:173 -Starting Servlet engine: [Apache Tomcat/9.0.22]
2019-12-16 18:14:14.048 INFO [restartedMain]org.apache.catalina.core.AprLifecycleListener.log:173 -An older version [1.2.21] of the APR based Apache Tomcat Native library is installed, while Tomcat recommends a minimum version of [1.2.23]
2019-12-16 18:14:14.048 INFO [restartedMain]org.apache.catalina.core.AprLifecycleListener.log:173 -Loaded APR based Apache Tomcat Native library [1.2.21] using APR version [1.6.5].
2019-12-16 18:14:14.048 INFO [restartedMain]org.apache.catalina.core.AprLifecycleListener.log:173 -APR capabilities: IPv6 [true], sendfile [true], accept filters [false], random [true].
2019-12-16 18:14:14.049 INFO [restartedMain]org.apache.catalina.core.AprLifecycleListener.log:173 -APR/OpenSSL configuration: useAprConnector [false], useOpenSSL [true]
2019-12-16 18:14:14.051 INFO [restartedMain]org.apache.catalina.core.AprLifecycleListener.log:173 -OpenSSL successfully initialized [OpenSSL 1.1.1a  20 Nov 2018]
2019-12-16 18:14:14.133 INFO [restartedMain]o.a.c.c.C.[Tomcat].[localhost].[/foodspringboot].log:173 -Initializing Spring embedded WebApplicationContext
2019-12-16 18:14:14.133 INFO [restartedMain]org.springframework.web.context.ContextLoader.prepareWebApplicationContext:284 -Root WebApplicationContext: initialization completed in 1125 ms
2019-12-16 18:14:14.353 INFO [restartedMain]org.messaginghub.pooled.jms.JmsPoolConnectionFactory.setConnectionFactory:198 -Provided ConnectionFactory implementation is JMS 2.0+ capable.
2019-12-16 18:14:14.662 INFO [restartedMain]o.s.scheduling.concurrent.ThreadPoolTaskExecutor.initialize:171 -Initializing ExecutorService 'applicationTaskExecutor'
2019-12-16 18:14:14.702 INFO [restartedMain]o.s.b.a.web.servlet.WelcomePageHandlerMapping.<init>:54 -Adding welcome page: class path resource [public/index.html]
2019-12-16 18:14:14.730 WARN [restartedMain]org.thymeleaf.templatemode.TemplateMode.parse:150 -[THYMELEAF][restartedMain] Template Mode 'HTML5' is deprecated. Using Template Mode 'HTML' instead.
2019-12-16 18:14:14.883 INFO [restartedMain]o.s.boot.devtools.autoconfigure.OptionalLiveReloadServer.startServer:57 -LiveReload server is running on port 35729
2019-12-16 18:16:00.254 INFO [restartedMain]org.apache.coyote.http11.Http11NioProtocol.log:173 -Starting ProtocolHandler ["http-nio-8080"]
2019-12-16 18:16:00.291 INFO [restartedMain]o.s.boot.web.embedded.tomcat.TomcatWebServer.start:202 -Tomcat started on port(s): 8080 (http) with context path '/foodspringboot'
2019-12-16 18:16:00.294 INFO [restartedMain]com.wl.foodspringboot.FoodSpringBootApplication.logStarted:59 -Started FoodSpringBootApplication in 107.598 seconds (JVM running for 108.499)
2019-12-16 18:16:13.856 INFO [http-nio-8080-exec-1]o.a.c.c.C.[Tomcat].[localhost].[/foodspringboot].log:173 -Initializing Spring DispatcherServlet 'dispatcherServlet'
2019-12-16 18:16:13.856 INFO [http-nio-8080-exec-1]org.springframework.web.servlet.DispatcherServlet.initServletBean:524 -Initializing Servlet 'dispatcherServlet'
2019-12-16 18:16:13.861 INFO [http-nio-8080-exec-1]org.springframework.web.servlet.DispatcherServlet.initServletBean:546 -Completed initialization in 5 ms
2019-12-16 18:16:21.607 INFO [http-nio-8080-exec-3]com.alibaba.druid.pool.DruidDataSource.init:922 -{dataSource-1} inited
2019-12-16 18:16:22.506 WARN [http-nio-8080-exec-3]o.s.w.s.m.m.annotation.ExceptionHandlerExceptionResolver.logException:198 -Resolved [java.lang.NullPointerException]
2019-12-16 18:18:30.854 INFO [restartedMain]com.wl.foodspringboot.FoodSpringBootApplication.logStarting:50 -Starting FoodSpringBootApplication on DESKTOP-814O8JJ with PID 12632 (E:\Learn\IdeaProjects\FoodSpringBoot\target\classes started by WL in E:\Learn\IdeaProjects\FoodSpringBoot)
2019-12-16 18:18:30.857 INFO [restartedMain]com.wl.foodspringboot.FoodSpringBootApplication.logStartupProfileInfo:647 -No active profile set, falling back to default profiles: default
2019-12-16 18:18:30.892 INFO [restartedMain]o.s.b.devtools.env.DevToolsPropertyDefaultsPostProcessor.logTo:225 -Devtools property defaults active! Set 'spring.devtools.add-properties' to 'false' to disable
2019-12-16 18:18:30.892 INFO [restartedMain]o.s.b.devtools.env.DevToolsPropertyDefaultsPostProcessor.logTo:225 -For additional web related logging consider setting the 'logging.level.web' property to 'DEBUG'
2019-12-16 18:18:31.400 INFO [restartedMain]o.s.d.repository.config.RepositoryConfigurationDelegate.multipleStoresDetected:244 -Multiple Spring Data modules found, entering strict repository configuration mode!
2019-12-16 18:18:31.401 INFO [restartedMain]o.s.d.repository.config.RepositoryConfigurationDelegate.registerRepositoriesIn:126 -Bootstrapping Spring Data repositories in DEFAULT mode.
2019-12-16 18:18:31.417 INFO [restartedMain]o.s.d.repository.config.RepositoryConfigurationDelegate.registerRepositoriesIn:182 -Finished Spring Data repository scanning in 7ms. Found 0 repository interfaces.
2019-12-16 18:18:31.649 INFO [restartedMain]o.s.c.s.PostProcessorRegistrationDelegate$BeanPostProcessorChecker.postProcessAfterInitialization:330 -Bean 'org.springframework.transaction.annotation.ProxyTransactionManagementConfiguration' of type [org.springframework.transaction.annotation.ProxyTransactionManagementConfiguration$$EnhancerBySpringCGLIB$$e3b9831d] is not eligible for getting processed by all BeanPostProcessors (for example: not eligible for auto-proxying)
2019-12-16 18:18:31.874 INFO [restartedMain]o.s.boot.web.embedded.tomcat.TomcatWebServer.initialize:90 -Tomcat initialized with port(s): 8080 (http)
2019-12-16 18:18:31.882 INFO [restartedMain]org.apache.coyote.http11.Http11NioProtocol.log:173 -Initializing ProtocolHandler ["http-nio-8080"]
2019-12-16 18:18:31.884 INFO [restartedMain]org.apache.catalina.core.StandardService.log:173 -Starting service [Tomcat]
2019-12-16 18:18:31.884 INFO [restartedMain]org.apache.catalina.core.StandardEngine.log:173 -Starting Servlet engine: [Apache Tomcat/9.0.22]
2019-12-16 18:18:31.884 INFO [restartedMain]org.apache.catalina.core.AprLifecycleListener.log:173 -An older version [1.2.21] of the APR based Apache Tomcat Native library is installed, while Tomcat recommends a minimum version of [1.2.23]
2019-12-16 18:18:31.884 INFO [restartedMain]org.apache.catalina.core.AprLifecycleListener.log:173 -Loaded APR based Apache Tomcat Native library [1.2.21] using APR version [1.6.5].
2019-12-16 18:18:31.884 INFO [restartedMain]org.apache.catalina.core.AprLifecycleListener.log:173 -APR capabilities: IPv6 [true], sendfile [true], accept filters [false], random [true].
2019-12-16 18:18:31.884 INFO [restartedMain]org.apache.catalina.core.AprLifecycleListener.log:173 -APR/OpenSSL configuration: useAprConnector [false], useOpenSSL [true]
2019-12-16 18:18:31.884 INFO [restartedMain]org.apache.catalina.core.AprLifecycleListener.log:173 -OpenSSL successfully initialized [OpenSSL 1.1.1a  20 Nov 2018]
2019-12-16 18:18:31.979 INFO [restartedMain]o.a.c.c.C.[Tomcat].[localhost].[/foodspringboot].log:173 -Initializing Spring embedded WebApplicationContext
2019-12-16 18:18:31.979 INFO [restartedMain]org.springframework.web.context.ContextLoader.prepareWebApplicationContext:284 -Root WebApplicationContext: initialization completed in 1087 ms
2019-12-16 18:18:32.199 INFO [restartedMain]org.messaginghub.pooled.jms.JmsPoolConnectionFactory.setConnectionFactory:198 -Provided ConnectionFactory implementation is JMS 2.0+ capable.
2019-12-16 18:18:32.514 INFO [restartedMain]o.s.scheduling.concurrent.ThreadPoolTaskExecutor.initialize:171 -Initializing ExecutorService 'applicationTaskExecutor'
2019-12-16 18:18:32.545 INFO [restartedMain]o.s.b.a.web.servlet.WelcomePageHandlerMapping.<init>:54 -Adding welcome page: class path resource [public/index.html]
2019-12-16 18:18:32.577 WARN [restartedMain]org.thymeleaf.templatemode.TemplateMode.parse:150 -[THYMELEAF][restartedMain] Template Mode 'HTML5' is deprecated. Using Template Mode 'HTML' instead.
2019-12-16 18:18:32.734 INFO [restartedMain]o.s.boot.devtools.autoconfigure.OptionalLiveReloadServer.startServer:57 -LiveReload server is running on port 35729
2019-12-16 18:19:37.526 INFO [restartedMain]com.wl.foodspringboot.FoodSpringBootApplication.logStarting:50 -Starting FoodSpringBootApplication on DESKTOP-814O8JJ with PID 5640 (E:\Learn\IdeaProjects\FoodSpringBoot\target\classes started by WL in E:\Learn\IdeaProjects\FoodSpringBoot)
2019-12-16 18:19:37.526 INFO [restartedMain]com.wl.foodspringboot.FoodSpringBootApplication.logStartupProfileInfo:647 -No active profile set, falling back to default profiles: default
2019-12-16 18:19:37.557 INFO [restartedMain]o.s.b.devtools.env.DevToolsPropertyDefaultsPostProcessor.logTo:225 -Devtools property defaults active! Set 'spring.devtools.add-properties' to 'false' to disable
2019-12-16 18:19:37.557 INFO [restartedMain]o.s.b.devtools.env.DevToolsPropertyDefaultsPostProcessor.logTo:225 -For additional web related logging consider setting the 'logging.level.web' property to 'DEBUG'
2019-12-16 18:19:38.087 INFO [restartedMain]o.s.d.repository.config.RepositoryConfigurationDelegate.multipleStoresDetected:244 -Multiple Spring Data modules found, entering strict repository configuration mode!
2019-12-16 18:19:38.088 INFO [restartedMain]o.s.d.repository.config.RepositoryConfigurationDelegate.registerRepositoriesIn:126 -Bootstrapping Spring Data repositories in DEFAULT mode.
2019-12-16 18:19:38.103 INFO [restartedMain]o.s.d.repository.config.RepositoryConfigurationDelegate.registerRepositoriesIn:182 -Finished Spring Data repository scanning in 7ms. Found 0 repository interfaces.
2019-12-16 18:19:38.334 INFO [restartedMain]o.s.c.s.PostProcessorRegistrationDelegate$BeanPostProcessorChecker.postProcessAfterInitialization:330 -Bean 'org.springframework.transaction.annotation.ProxyTransactionManagementConfiguration' of type [org.springframework.transaction.annotation.ProxyTransactionManagementConfiguration$$EnhancerBySpringCGLIB$$7ea5785f] is not eligible for getting processed by all BeanPostProcessors (for example: not eligible for auto-proxying)
2019-12-16 18:19:38.566 INFO [restartedMain]o.s.boot.web.embedded.tomcat.TomcatWebServer.initialize:90 -Tomcat initialized with port(s): 8080 (http)
2019-12-16 18:19:38.575 INFO [restartedMain]org.apache.coyote.http11.Http11NioProtocol.log:173 -Initializing ProtocolHandler ["http-nio-8080"]
2019-12-16 18:19:38.580 INFO [restartedMain]org.apache.catalina.core.StandardService.log:173 -Starting service [Tomcat]
2019-12-16 18:19:38.581 INFO [restartedMain]org.apache.catalina.core.StandardEngine.log:173 -Starting Servlet engine: [Apache Tomcat/9.0.22]
2019-12-16 18:19:38.585 INFO [restartedMain]org.apache.catalina.core.AprLifecycleListener.log:173 -An older version [1.2.21] of the APR based Apache Tomcat Native library is installed, while Tomcat recommends a minimum version of [1.2.23]
2019-12-16 18:19:38.585 INFO [restartedMain]org.apache.catalina.core.AprLifecycleListener.log:173 -Loaded APR based Apache Tomcat Native library [1.2.21] using APR version [1.6.5].
2019-12-16 18:19:38.585 INFO [restartedMain]org.apache.catalina.core.AprLifecycleListener.log:173 -APR capabilities: IPv6 [true], sendfile [true], accept filters [false], random [true].
2019-12-16 18:19:38.585 INFO [restartedMain]org.apache.catalina.core.AprLifecycleListener.log:173 -APR/OpenSSL configuration: useAprConnector [false], useOpenSSL [true]
2019-12-16 18:19:38.588 INFO [restartedMain]org.apache.catalina.core.AprLifecycleListener.log:173 -OpenSSL successfully initialized [OpenSSL 1.1.1a  20 Nov 2018]
2019-12-16 18:19:38.673 INFO [restartedMain]o.a.c.c.C.[Tomcat].[localhost].[/foodspringboot].log:173 -Initializing Spring embedded WebApplicationContext
2019-12-16 18:19:38.674 INFO [restartedMain]org.springframework.web.context.ContextLoader.prepareWebApplicationContext:284 -Root WebApplicationContext: initialization completed in 1117 ms
2019-12-16 18:19:38.914 INFO [restartedMain]org.messaginghub.pooled.jms.JmsPoolConnectionFactory.setConnectionFactory:198 -Provided ConnectionFactory implementation is JMS 2.0+ capable.
2019-12-16 18:19:39.245 INFO [restartedMain]o.s.scheduling.concurrent.ThreadPoolTaskExecutor.initialize:171 -Initializing ExecutorService 'applicationTaskExecutor'
2019-12-16 18:19:39.276 INFO [restartedMain]o.s.b.a.web.servlet.WelcomePageHandlerMapping.<init>:54 -Adding welcome page: class path resource [public/index.html]
2019-12-16 18:19:39.308 WARN [restartedMain]org.thymeleaf.templatemode.TemplateMode.parse:150 -[THYMELEAF][restartedMain] Template Mode 'HTML5' is deprecated. Using Template Mode 'HTML' instead.
2019-12-16 18:19:39.480 INFO [restartedMain]o.s.boot.devtools.autoconfigure.OptionalLiveReloadServer.startServer:57 -LiveReload server is running on port 35729
2019-12-16 18:21:24.783 INFO [restartedMain]org.apache.coyote.http11.Http11NioProtocol.log:173 -Starting ProtocolHandler ["http-nio-8080"]
2019-12-16 18:21:24.818 INFO [restartedMain]o.s.boot.web.embedded.tomcat.TomcatWebServer.start:202 -Tomcat started on port(s): 8080 (http) with context path '/foodspringboot'
2019-12-16 18:21:24.822 INFO [restartedMain]com.wl.foodspringboot.FoodSpringBootApplication.logStarted:59 -Started FoodSpringBootApplication in 107.579 seconds (JVM running for 108.449)
2019-12-16 18:23:30.490 INFO [http-nio-8080-exec-1]o.a.c.c.C.[Tomcat].[localhost].[/foodspringboot].log:173 -Initializing Spring DispatcherServlet 'dispatcherServlet'
2019-12-16 18:23:30.490 INFO [http-nio-8080-exec-1]org.springframework.web.servlet.DispatcherServlet.initServletBean:524 -Initializing Servlet 'dispatcherServlet'
2019-12-16 18:23:30.496 INFO [http-nio-8080-exec-1]org.springframework.web.servlet.DispatcherServlet.initServletBean:546 -Completed initialization in 6 ms
2019-12-16 18:23:37.703 INFO [http-nio-8080-exec-9]com.alibaba.druid.pool.DruidDataSource.init:922 -{dataSource-1} inited
2019-12-16 18:24:17.091 INFO [restartedMain]com.wl.foodspringboot.FoodSpringBootApplication.logStarting:50 -Starting FoodSpringBootApplication on DESKTOP-814O8JJ with PID 11656 (E:\Learn\IdeaProjects\FoodSpringBoot\target\classes started by WL in E:\Learn\IdeaProjects\FoodSpringBoot)
2019-12-16 18:24:17.095 INFO [restartedMain]com.wl.foodspringboot.FoodSpringBootApplication.logStartupProfileInfo:647 -No active profile set, falling back to default profiles: default
2019-12-16 18:24:17.169 INFO [restartedMain]o.s.b.devtools.env.DevToolsPropertyDefaultsPostProcessor.logTo:225 -Devtools property defaults active! Set 'spring.devtools.add-properties' to 'false' to disable
2019-12-16 18:24:17.169 INFO [restartedMain]o.s.b.devtools.env.DevToolsPropertyDefaultsPostProcessor.logTo:225 -For additional web related logging consider setting the 'logging.level.web' property to 'DEBUG'
2019-12-16 18:24:17.899 INFO [restartedMain]o.s.d.repository.config.RepositoryConfigurationDelegate.multipleStoresDetected:244 -Multiple Spring Data modules found, entering strict repository configuration mode!
2019-12-16 18:24:17.902 INFO [restartedMain]o.s.d.repository.config.RepositoryConfigurationDelegate.registerRepositoriesIn:126 -Bootstrapping Spring Data repositories in DEFAULT mode.
2019-12-16 18:24:17.927 INFO [restartedMain]o.s.d.repository.config.RepositoryConfigurationDelegate.registerRepositoriesIn:182 -Finished Spring Data repository scanning in 8ms. Found 0 repository interfaces.
2019-12-16 18:24:18.415 INFO [restartedMain]o.s.c.s.PostProcessorRegistrationDelegate$BeanPostProcessorChecker.postProcessAfterInitialization:330 -Bean 'org.springframework.transaction.annotation.ProxyTransactionManagementConfiguration' of type [org.springframework.transaction.annotation.ProxyTransactionManagementConfiguration$$EnhancerBySpringCGLIB$$a260467d] is not eligible for getting processed by all BeanPostProcessors (for example: not eligible for auto-proxying)
