2019-10-08 21:30:11.250 INFO [restartedMain]com.wl.foodspringboot.FoodSpringBootApplication.logStarting:50 -Starting FoodSpringBootApplication on DESKTOP-814O8JJ with PID 10912 (E:\Learn\IdeaProjects\FoodSpringBoot\target\classes started by WL in E:\Learn\IdeaProjects\FoodSpringBoot)
2019-10-08 21:30:11.265 INFO [restartedMain]com.wl.foodspringboot.FoodSpringBootApplication.logStartupProfileInfo:647 -No active profile set, falling back to default profiles: default
2019-10-08 21:30:11.296 INFO [restartedMain]o.s.b.devtools.env.DevToolsPropertyDefaultsPostProcessor.logTo:225 -Devtools property defaults active! Set 'spring.devtools.add-properties' to 'false' to disable
2019-10-08 21:30:11.296 INFO [restartedMain]o.s.b.devtools.env.DevToolsPropertyDefaultsPostProcessor.logTo:225 -For additional web related logging consider setting the 'logging.level.web' property to 'DEBUG'
2019-10-08 21:30:12.219 INFO [restartedMain]o.s.boot.web.embedded.tomcat.TomcatWebServer.initialize:90 -Tomcat initialized with port(s): 8080 (http)
2019-10-08 21:30:12.219 INFO [restartedMain]org.apache.coyote.http11.Http11NioProtocol.log:173 -Initializing ProtocolHandler ["http-nio-8080"]
2019-10-08 21:30:12.235 INFO [restartedMain]org.apache.catalina.core.StandardService.log:173 -Starting service [Tomcat]
2019-10-08 21:30:12.235 INFO [restartedMain]org.apache.catalina.core.StandardEngine.log:173 -Starting Servlet engine: [Apache Tomcat/9.0.22]
2019-10-08 21:30:12.235 INFO [restartedMain]org.apache.catalina.core.AprLifecycleListener.log:173 -An older version [1.2.21] of the APR based Apache Tomcat Native library is installed, while Tomcat recommends a minimum version of [1.2.23]
2019-10-08 21:30:12.235 INFO [restartedMain]org.apache.catalina.core.AprLifecycleListener.log:173 -Loaded APR based Apache Tomcat Native library [1.2.21] using APR version [1.6.5].
2019-10-08 21:30:12.235 INFO [restartedMain]org.apache.catalina.core.AprLifecycleListener.log:173 -APR capabilities: IPv6 [true], sendfile [true], accept filters [false], random [true].
2019-10-08 21:30:12.235 INFO [restartedMain]org.apache.catalina.core.AprLifecycleListener.log:173 -APR/OpenSSL configuration: useAprConnector [false], useOpenSSL [true]
2019-10-08 21:30:12.235 INFO [restartedMain]org.apache.catalina.core.AprLifecycleListener.log:173 -OpenSSL successfully initialized [OpenSSL 1.1.1a  20 Nov 2018]
2019-10-08 21:30:12.313 INFO [restartedMain]o.a.c.c.C.[Tomcat].[localhost].[/foodspringboot].log:173 -Initializing Spring embedded WebApplicationContext
2019-10-08 21:30:12.313 INFO [restartedMain]org.springframework.web.context.ContextLoader.prepareWebApplicationContext:284 -Root WebApplicationContext: initialization completed in 1017 ms
2019-10-08 21:30:12.689 INFO [restartedMain]o.s.scheduling.concurrent.ThreadPoolTaskExecutor.initialize:171 -Initializing ExecutorService 'applicationTaskExecutor'
2019-10-08 21:30:12.736 INFO [restartedMain]o.s.b.a.web.servlet.WelcomePageHandlerMapping.<init>:54 -Adding welcome page: class path resource [public/index.html]
2019-10-08 21:30:12.767 WARN [restartedMain]org.thymeleaf.templatemode.TemplateMode.parse:150 -[THYMELEAF][restartedMain] Template Mode 'HTML5' is deprecated. Using Template Mode 'HTML' instead.
2019-10-08 21:30:12.877 INFO [restartedMain]o.s.boot.devtools.autoconfigure.OptionalLiveReloadServer.startServer:57 -LiveReload server is running on port 35729
2019-10-08 21:30:12.908 INFO [restartedMain]org.apache.coyote.http11.Http11NioProtocol.log:173 -Starting ProtocolHandler ["http-nio-8080"]
2019-10-08 21:30:12.923 INFO [restartedMain]o.s.boot.web.embedded.tomcat.TomcatWebServer.start:202 -Tomcat started on port(s): 8080 (http) with context path '/foodspringboot'
2019-10-08 21:30:12.923 INFO [restartedMain]com.wl.foodspringboot.FoodSpringBootApplication.logStarted:59 -Started FoodSpringBootApplication in 1.971 seconds (JVM running for 2.821)
2019-10-08 21:30:18.023 INFO [http-nio-8080-exec-1]o.a.c.c.C.[Tomcat].[localhost].[/foodspringboot].log:173 -Initializing Spring DispatcherServlet 'dispatcherServlet'
2019-10-08 21:30:18.023 INFO [http-nio-8080-exec-1]org.springframework.web.servlet.DispatcherServlet.initServletBean:524 -Initializing Servlet 'dispatcherServlet'
2019-10-08 21:30:18.027 INFO [http-nio-8080-exec-1]org.springframework.web.servlet.DispatcherServlet.initServletBean:546 -Completed initialization in 4 ms
2019-10-08 21:30:18.075 WARN [http-nio-8080-exec-1]o.s.w.s.m.m.annotation.ExceptionHandlerExceptionResolver.logException:198 -Resolved [java.lang.ArithmeticException: / by zero]
